Summary for Form #9.
Form has matrix [ 2 -1  0 -4]
[-1  3 -1  0]
[ 0 -1  4  1]
[-4  0  1 14].
This form has level 316.
It has character 316.
The list of anisotropic primes is
   [].
Are all integers locally represented? true.
Pre-computing theta series and Eisenstein series.
Cusp dimension is 38. Precision is 5000.

Starting cusp constant computation.
Computing newforms of level 316.
Newform class 1 has size 4.
Newform class 2 has size 10.
Newform class 3 has size 24.
Finding minimal coefficients for d = 1.
Computing newform coefficients at p = 3.
The big matrix now has 8 rows.
Rank checking with p = 20725489
Matrix now has 8 rows.
Rank checking with p = 26536753
Matrix now has 8 rows.
Rank checking with p = 27128401
Matrix now has 8 rows.
Matrix has 38 columns.
Computing newform coefficients at p = 5.
The big matrix now has 32 rows.
Rank checking with p = 16010041
Matrix now has 19 rows.
Rank checking with p = 18310249
Matrix now has 19 rows.
Rank checking with p = 29406211
Matrix now has 19 rows.
Matrix has 38 columns.
Computing newform coefficients at p = 7.
The big matrix now has 63 rows.
Rank checking with p = 4978543
Matrix now has 19 rows.
Rank checking with p = 6649871
Matrix now has 19 rows.
Rank checking with p = 18292583
Matrix now has 19 rows.
Matrix has 38 columns.
Computing newform coefficients at p = 11.
The big matrix now has 76 rows.
Rank checking with p = 1619419
Matrix now has 38 rows.
Rank checking with p = 8030929
Matrix now has 38 rows.
Rank checking with p = 4698173
Matrix now has 38 rows.
Matrix has 38 columns.
We're done with d = 1!
Computing coefficients at primes dividing the level.
Working on decomposition of d = 1 piece.
Building trace matrix for newform 1.
Done!
Building trace matrix for newform 2.
Done!
Building trace matrix for newform 3.
Done!
Building big trace matrix.
Solving the eigen matrix linear system!
Solving the trace matrix linear system!
Done! Time taken was 0.010
It worked!
The full decomposition is complete!
The overall cuspidal constant is 4.431949242.
Memory used was 727.62 Mb.
The Eisenstein lower bound is 13/28 =
   0.4642857.
The F4 upper bound is 9.641194198.
The numerical Eisenstein lower bound is 16250/34993 = 0.4643786.
The numerical cusp form bound is 1.392857.
The form represents all numbers less than
or equal to 5000 except the following: [ 1, 11 ]
Split local cover of the form [d] + L with d = 3.
L = [10  2 -4]
[ 2 12  0]
[-4  0 18].
Preprocessing complete. Time needed is 18.460 sec.
The bound for eligible primes is 15.74400420.
There are 167 eligible primes.
The product of more than 8 primes exceeds the bound.
The largest squarefree eligible number is 11741730.
Computing the theta series for the ternary form up to precision 164478.
There are 6 numbers which aren't represented by the ternary form.
They are [ 19, 11, 7, 3, 2, 1 ].
The following numbers fail to be represented by the form: [ 11, 1 ].
Checking eligible numbers complete. Time needed is 0.070 sec.
There are 1 numbers which aren't represented by the ternary form.
They are [ 4 ].
The following numbers fail to be represented by the form: [].
Checking eligible numbers complete. Time needed is 0.000 sec.
The following numbers fail to be represented by the form: [ 11, 1 ]
Time needed is 13.070 sec.
