Summary for Form #10.
Form has matrix [ 2 -1  2 -2]
[-1  3 -1  1]
[ 2 -1  4 -3]
[-2  1 -3  6].
This form has level 140.
It has character 140.
The list of anisotropic primes is
   [].
Are all integers locally represented? true.
Pre-computing theta series and Eisenstein series.
Cusp dimension is 20. Precision is 5000.

Starting cusp constant computation.
Computing newforms of level 140.
Newform class 1 has size 4.
Newform class 2 has size 16.
Finding minimal coefficients for d = 1.
Computing newform coefficients at p = 3.
The big matrix now has 8 rows.
Rank checking with p = 26129197
Matrix now has 6 rows.
Rank checking with p = 26330617
Matrix now has 6 rows.
Rank checking with p = 4065199
Matrix now has 6 rows.
Matrix has 20 columns.
Computing newform coefficients at p = 11.
The big matrix now has 21 rows.
Rank checking with p = 15871451
Matrix now has 10 rows.
Rank checking with p = 24451127
Matrix now has 10 rows.
Rank checking with p = 28715971
Matrix now has 10 rows.
Matrix has 20 columns.
Computing newform coefficients at p = 13.
The big matrix now has 34 rows.
Rank checking with p = 7339049
Matrix now has 10 rows.
Rank checking with p = 3944359
Matrix now has 10 rows.
Rank checking with p = 26865607
Matrix now has 10 rows.
Matrix has 20 columns.
Computing newform coefficients at p = 17.
The big matrix now has 41 rows.
Rank checking with p = 8232563
Matrix now has 10 rows.
Rank checking with p = 5289743
Matrix now has 10 rows.
Rank checking with p = 30782623
Matrix now has 10 rows.
Matrix has 20 columns.
Computing newform coefficients at p = 19.
The big matrix now has 47 rows.
Rank checking with p = 1021849
Matrix now has 18 rows.
Rank checking with p = 15105383
Matrix now has 18 rows.
Rank checking with p = 21315821
Matrix now has 18 rows.
Matrix has 20 columns.
Computing newform coefficients at p = 23.
The big matrix now has 54 rows.
Rank checking with p = 11973659
Matrix now has 20 rows.
Rank checking with p = 8894773
Matrix now has 20 rows.
Rank checking with p = 29817889
Matrix now has 20 rows.
Matrix has 20 columns.
We're done with d = 1!
Computing coefficients at primes dividing the level.
Working on decomposition of d = 1 piece.
Building trace matrix for newform 1.
Done!
Building trace matrix for newform 2.
Done!
Building big trace matrix.
Solving the eigen matrix linear system!
Solving the trace matrix linear system!
Done! Time taken was 0.000
It worked!
The full decomposition is complete!
The overall cuspidal constant is 5.501651610.
Memory used was 1060.8 Mb.
The Eisenstein lower bound is 12/19 =
   0.6315789.
The F4 upper bound is 8.798057867.
The numerical Eisenstein lower bound is 59688/94487 = 0.6317059.
The numerical cusp form bound is 2.399728.
The form represents all numbers less than
or equal to 5000 except the following: [ 1, 13 ]
Split local cover of the form [d] + L with d = 2.
L = [ 4 -2  0]
[-2  6  0]
[ 0  0 28].
Preprocessing complete. Time needed is 21.230 sec.
The bound for eligible primes is 28.73433667.
There are 464 eligible primes.
The product of more than 8 primes exceeds the bound.
The largest squarefree eligible number is 32222190.
Computing the theta series for the ternary form up to precision 181647.
There are 5 numbers which aren't represented by the ternary form.
They are [ 38, 13, 6, 2, 1 ].
The following numbers fail to be represented by the form: [ 13, 1 ].
Checking eligible numbers complete. Time needed is 0.160 sec.
There are 0 numbers which aren't represented by the ternary form.
They are [].
The following numbers fail to be represented by the form: [ 13, 1 ]
Time needed is 5.690 sec.
