Summary for Form #11.
Form has matrix [ 2 -1  0  0]
[-1  3 -1 -1]
[ 0 -1  4  5]
[ 0 -1  5 11].
This form has level 340.
It has character 85.
The list of anisotropic primes is
   [].
Are all integers locally represented? true.
Pre-computing theta series and Eisenstein series.
Cusp dimension is 48. Precision is 5000.

Starting cusp constant computation.
Computing newforms of level 85.
Newform class 1 has size 8.
Computing newforms of level 170.
Newform class 1 has size 2.
Newform class 2 has size 2.
Newform class 3 has size 4.
Computing newforms of level 340.
Newform class 1 has size 8.
Finding minimal coefficients for d = 1.
Computing newform coefficients at p = 3.
The big matrix now has 8 rows.
Rank checking with p = 28844281
Matrix now has 8 rows.
Rank checking with p = 4938239
Matrix now has 8 rows.
Rank checking with p = 10959449
Matrix now has 8 rows.
Matrix has 24 columns.
Computing newform coefficients at p = 7.
The big matrix now has 27 rows.
Rank checking with p = 20631691
Matrix now has 8 rows.
Rank checking with p = 10486243
Matrix now has 8 rows.
Rank checking with p = 14127161
Matrix now has 8 rows.
Matrix has 24 columns.
Computing newform coefficients at p = 11.
The big matrix now has 37 rows.
Rank checking with p = 10038697
Matrix now has 18 rows.
Rank checking with p = 22452383
Matrix now has 18 rows.
Rank checking with p = 15441301
Matrix now has 18 rows.
Matrix has 24 columns.
Computing newform coefficients at p = 13.
The big matrix now has 58 rows.
Rank checking with p = 6156343
Matrix now has 24 rows.
Rank checking with p = 3589489
Matrix now has 24 rows.
Rank checking with p = 6138901
Matrix now has 24 rows.
Matrix has 24 columns.
We're done with d = 1!
Finding minimal coefficients for d = 2.
The big matrix now has 8 rows.
Rank checking with p = 3123623
Matrix now has 8 rows.
Rank checking with p = 9480403
Matrix now has 8 rows.
Rank checking with p = 26500219
Matrix now has 8 rows.
Matrix has 16 columns.
The big matrix now has 25 rows.
Rank checking with p = 17654759
Matrix now has 8 rows.
Rank checking with p = 5251469
Matrix now has 8 rows.
Rank checking with p = 5545037
Matrix now has 8 rows.
Matrix has 16 columns.
The big matrix now has 30 rows.
Rank checking with p = 27446821
Matrix now has 12 rows.
Rank checking with p = 10897199
Matrix now has 12 rows.
Rank checking with p = 1598669
Matrix now has 12 rows.
Matrix has 16 columns.
The big matrix now has 44 rows.
Rank checking with p = 17638847
Matrix now has 16 rows.
Rank checking with p = 26821229
Matrix now has 16 rows.
Rank checking with p = 3825691
Matrix now has 16 rows.
Matrix has 16 columns.
We're done with d = 2!
Finding minimal coefficients for d = 4.
The big matrix now has 7 rows.
Rank checking with p = 17560307
Matrix now has 4 rows.
Rank checking with p = 27478331
Matrix now has 4 rows.
Rank checking with p = 19599667
Matrix now has 4 rows.
Matrix has 8 columns.
The big matrix now has 17 rows.
Rank checking with p = 19013537
Matrix now has 4 rows.
Rank checking with p = 32144947
Matrix now has 4 rows.
Rank checking with p = 3328411
Matrix now has 4 rows.
Matrix has 8 columns.
The big matrix now has 22 rows.
Rank checking with p = 8749787
Matrix now has 8 rows.
Rank checking with p = 21052877
Matrix now has 8 rows.
Rank checking with p = 33265033
Matrix now has 8 rows.
Matrix has 8 columns.
We're done with d = 4!
Computing coefficients at primes dividing the level.
Working on decomposition of d = 1 piece.
Building trace matrix for newform 1.
Done!
Building trace matrix for newform 2.
Done!
Building trace matrix for newform 3.
Done!
Building trace matrix for newform 4.
Done!
Building trace matrix for newform 5.
Done!
Building big trace matrix.
Solving the eigen matrix linear system!
Solving the trace matrix linear system!
Done! Time taken was 0.000
It worked!
Working on decomposition of d = 2 piece.
Building trace matrix for newform 1.
Done!
Building trace matrix for newform 2.
Done!
Building trace matrix for newform 3.
Done!
Building trace matrix for newform 4.
Done!
Building big trace matrix.
Solving the eigen matrix linear system!
Solving the trace matrix linear system!
Done! Time taken was 0.000
It worked!
Working on decomposition of d = 4 piece.
Building trace matrix for newform 1.
Done!
Building big trace matrix.
Solving the eigen matrix linear system!
Solving the trace matrix linear system!
Done! Time taken was 0.000
It worked!
The full decomposition is complete!
The overall cuspidal constant is 6.999686101.
Memory used was 703.59 Mb.
The Eisenstein lower bound is 16/45 =
   0.3555556.
The F4 upper bound is 19.88348333.
The numerical Eisenstein lower bound is 13216/37155 = 0.3556991.
The numerical cusp form bound is 1.315664.
The form represents all numbers less than
or equal to 5000 except the following: [ 1, 14 ]
Split local cover of the form [d] + L with d = 2.
L = [ 8  2 -4]
[ 2 10  0]
[-4  0 20].
Preprocessing complete. Time needed is 27.140 sec.
The bound for eligible primes is 32.46959231.
There are 578 eligible primes.
The product of more than 8 primes exceeds the bound.
The largest squarefree eligible number is 65564070.
Computing the theta series for the ternary form up to precision 259110.
There are 4 numbers which aren't represented by the ternary form.
They are [ 14, 3, 2, 1 ].
The following numbers fail to be represented by the form: [ 14, 1 ].
Checking eligible numbers complete. Time needed is 0.350 sec.
There are 1 numbers which aren't represented by the ternary form.
They are [ 56 ].
The following numbers fail to be represented by the form: [].
Checking eligible numbers complete. Time needed is 0.010 sec.
The following numbers fail to be represented by the form: [ 14, 1 ]
Time needed is 22.210 sec.
