Summary for Form #14.
Form has matrix [ 2 -1  2  0]
[-1  3 -1  0]
[ 2 -1  4 -3]
[ 0  0 -3  6].
This form has level 60.
It has character 60.
The list of anisotropic primes is
   [].
Are all integers locally represented? true.
Pre-computing theta series and Eisenstein series.
Cusp dimension is 8. Precision is 5000.

Starting cusp constant 
computation.
Computing newforms of level 60.
Newform class 1 has size 4.
Newform class 2 has size 4.
Finding minimal coefficients for d = 1.
Computing newform coefficients at p = 7.
The big matrix now has 5 rows.
Rank checking with p = 8408623
Matrix now has 3 rows.
Rank checking with p = 24650359
Matrix now has 3 rows.
Rank checking with p = 24000829
Matrix now has 3 rows.
Matrix has 8 columns.
Computing newform coefficients at p = 11.
The big matrix now has 13 rows.
Rank checking with p = 27350383
Matrix now has 3 rows.
Rank checking with p = 11879059
Matrix now has 3 rows.
Rank checking with p = 16283131
Matrix now has 3 rows.
Matrix has 8 columns.
Computing newform coefficients at p = 13.
The big matrix now has 20 rows.
Rank checking with p = 943819
Matrix now has 3 rows.
Rank checking with p = 1968019
Matrix now has 3 rows.
Rank checking with p = 19779919
Matrix now has 3 rows.
Matrix has 8 columns.
Computing newform coefficients at p = 17.
The big matrix now has 28 rows.
Rank checking with p = 2110543
Matrix now has 4 rows.
Rank checking with p = 20350639
Matrix now has 4 rows.
Rank checking with p = 19785683
Matrix now has 4 rows.
Matrix has 8 columns.
Computing newform coefficients at p = 19.
The big matrix now has 34 rows.
Rank checking with p = 30661879
Matrix now has 6 rows.
Rank checking with p = 6758029
Matrix now has 6 rows.
Rank checking with p = 22222661
Matrix now has 6 rows.
Matrix has 8 columns.
Computing newform coefficients at p = 23.
The big matrix now has 35 rows.
Rank checking with p = 4262239
Matrix now has 8 rows.
Rank checking with p = 29588543
Matrix now has 8 rows.
Rank checking with p = 13856861
Matrix now has 8 rows.
Matrix has 8 columns.
We're done with d = 1!
Computing coefficients at primes dividing the level.
Working on decomposition of d = 1 piece.
Building trace matrix for newform 1.
Done!
Building trace matrix for newform 2.
Done!
Building big trace matrix.
Solving the eigen matrix linear system!
Solving the trace matrix linear system!
Done! Time taken was 0.000
It worked!
The full decomposition is complete!
The overall cuspidal constant is 4.827528751.
Memory used was 1586.4 Mb.
The Eisenstein lower bound is 2/3 =
   0.6666667.
The F4 upper bound is 7.313706058.
The numerical Eisenstein lower bound is 9976/14961 = 0.6668003.
The numerical cusp form bound is 3.000000.
The form represents all numbers less than
or equal to 5000 except the following: [ 1, 19 ]
Split local cover of the form [d] + L with d = 2.
L = [ 4 -2  0]
[-2  6  0]
[ 0  0 12].
Preprocessing complete. Time needed is 38.040 sec.
The bound for eligible primes is 11.94323198.
There are 105 eligible primes.
The product of more than 7 primes exceeds the bound.
The largest squarefree eligible number is 1607970.
Computing the theta series for the ternary form up to precision 40578.
There are 3 numbers which aren't represented by the ternary form.
They are [ 19, 2, 1 ].
The following numbers fail to be represented by the form: [ 19, 1 ].
Checking eligible numbers complete. Time needed is 0.030 sec.
There are 0 numbers which aren't represented by the ternary form.
They are [].
The following numbers fail to be represented by the form: [ 19, 1 ]
Time needed is 2.340 sec.
