Summary for Form #16.
Form has matrix [ 2  0  0 -3]
[ 0  3  0  0]
[ 0  0  4 -4]
[-3  0 -4 10].
This form has level 48.
It has character 1.
The list of anisotropic primes is
   [ 2 ].
Are all integers locally represented? true.
Pre-computing theta series and Eisenstein series.
Cusp dimension is 3. Precision is 5000.

Starting cusp constant computation.
Computing newforms of level 1.
Computing newforms of level 2.
Computing newforms of level 3.
Computing newforms of level 4.
Computing newforms of level 6.
Computing newforms of level 8.
Computing newforms of level 12.
Computing newforms of level 16.
Computing newforms of level 24.
Newform class 1 has size 1.
Computing newforms of level 48.
Newform class 1 has size 1.
Finding minimal coefficients for d = 1.
Computing newform coefficients at p = 5.
The big matrix now has 6 rows.
Rank checking with p = 20817361
Matrix now has 1 rows.
Rank checking with p = 12532123
Matrix now has 1 rows.
Rank checking with p = 23525071
Matrix now has 1 rows.
Matrix has 2 columns.
Computing newform coefficients at p = 7.
The big matrix now has 16 rows.
Rank checking with p = 13228913
Matrix now has 1 rows.
Rank checking with p = 11987267
Matrix now has 1 rows.
Rank checking with p = 30014359
Matrix now has 1 rows.
Matrix has 2 columns.
Computing newform coefficients at p = 11.
The big matrix now has 24 rows.
Rank checking with p = 3343369
Matrix now has 2 rows.
Rank checking with p = 15292073
Matrix now has 2 rows.
Rank checking with p = 14421413
Matrix now has 2 rows.
Matrix has 2 columns.
We're done with d = 1!
Finding minimal coefficients for d = 2.
The big matrix now has 5 rows.
Rank checking with p = 26363179
Matrix now has 1 rows.
Rank checking with p = 22165397
Matrix now has 1 rows.
Rank checking with p = 20457751
Matrix now has 1 rows.
Matrix has 1 columns.
We're done with d = 2!
Computing coefficients at primes dividing the level.
Working on decomposition of d = 1 piece.
Building trace matrix for newform 1.
Done!
Building trace matrix for newform 2.
Done!
Building big trace matrix.
Solving the eigen matrix linear system!
Solving the trace matrix linear system!
Done! Time taken was 0.000
It worked!
Working on decomposition of d = 2 piece.
Building trace matrix for newform 1.
Done!
Building big trace matrix.
Solving the eigen matrix linear system!
Solving the trace matrix linear system!
Done! Time taken was 0.000
It worked!
The full decomposition is complete!
The overall cuspidal constant is 3.621320344.
Memory used was 1046.9 Mb.
The Eisenstein lower bound is 1/2 =
   0.5000000.
The F4 upper bound is 7.315067094.
The numerical Eisenstein lower bound is 2500/4999 = 0.5001000.
The numerical cusp form bound is 1.500000.
The form represents all numbers less than
or equal to 5000 except the following: [ 1, 23 ]
Split local cover of the form [d] + L with d = 2.
L = [ 6  0  0]
[ 0  8  0]
[ 0  0 12].
Preprocessing complete. Time needed is 96.160 sec.
The bound for eligible primes is 11.94545454.
There are 104 eligible primes.
The product of more than 7 primes exceeds the bound.
The largest squarefree eligible number is 870870.
Computing the theta series for the ternary form up to precision 29863.
There are 3 numbers which aren't represented by the ternary form.
They are [ 23, 2, 1 ].
The following numbers fail to be represented by the form: [ 23, 1 ].
Checking eligible numbers complete. Time needed is 0.020 sec.
There are 0 numbers which aren't represented by the ternary form.
They are [].
The following numbers fail to be represented by the form: [ 23, 1 ]
Time needed is 1.930 sec.
