Summary for Form #17.
Form has matrix [ 2 -1  0  0]
[-1  3 -2  0]
[ 0 -2  4  0]
[ 0  0  0  5].
This form has level 240.
It has character 60.
The list of anisotropic primes is
   [].
Are all integers locally represented? true.
Pre-computing theta series and Eisenstein series.
Cusp dimension is 36. Precision is 5000.

Starting cusp constant computation.
Computing newforms of level 60.
Newform class 1 has size 4.
Newform class 2 has size 4.
Computing newforms of level 120.
Computing newforms of level 240.
Newform class 1 has size 4.
Newform class 2 has size 8.
Finding minimal coefficients for d = 1.
Computing newform coefficients at p = 7.
The big matrix now has 5 rows.
Rank checking with p = 27819349
Matrix now has 5 rows.
Rank checking with p = 7998511
Matrix now has 5 rows.
Rank checking with p = 5867597
Matrix now has 5 rows.
Matrix has 20 columns.
Computing newform coefficients at p = 11.
The big matrix now has 15 rows.
Rank checking with p = 11431099
Matrix now has 7 rows.
Rank checking with p = 21333973
Matrix now has 7 rows.
Rank checking with p = 22392467
Matrix now has 7 rows.
Matrix has 20 columns.
Computing newform coefficients at p = 13.
The big matrix now has 24 rows.
Rank checking with p = 17246443
Matrix now has 9 rows.
Rank checking with p = 21423631
Matrix now has 9 rows.
Rank checking with p = 25204259
Matrix now has 9 rows.
Matrix has 20 columns.
Computing newform coefficients at p = 17.
The big matrix now has 34 rows.
Rank checking with p = 7423753
Matrix now has 14 rows.
Rank checking with p = 24278957
Matrix now has 14 rows.
Rank checking with p = 14178937
Matrix now has 14 rows.
Matrix has 20 columns.
Computing newform coefficients at p = 19.
The big matrix now has 44 rows.
Rank checking with p = 29475601
Matrix now has 16 rows.
Rank checking with p = 9010559
Matrix now has 16 rows.
Rank checking with p = 9548437
Matrix now has 16 rows.
Matrix has 20 columns.
Computing newform coefficients at p = 23.
The big matrix now has 45 rows.
Rank checking with p = 4382731
Matrix now has 19 rows.
Rank checking with p = 31336391
Matrix now has 19 rows.
Rank checking with p = 33498401
Matrix now has 19 rows.
Matrix has 20 columns.
Computing newform coefficients at p = 29.
The big matrix now has 46 rows.
Rank checking with p = 30502019
Matrix now has 20 rows.
Rank checking with p = 27435301
Matrix now has 20 rows.
Rank checking with p = 1945751
Matrix now has 20 rows.
Matrix has 20 columns.
We're done with d = 1!
Finding minimal coefficients for d = 2.
The big matrix now has 5 rows.
Rank checking with p = 22916011
Matrix now has 3 rows.
Rank checking with p = 20249357
Matrix now has 3 rows.
Rank checking with p = 24208189
Matrix now has 3 rows.
Matrix has 8 columns.
The big matrix now has 12 rows.
Rank checking with p = 12122651
Matrix now has 3 rows.
Rank checking with p = 26391503
Matrix now has 3 rows.
Rank checking with p = 21406883
Matrix now has 3 rows.
Matrix has 8 columns.
The big matrix now has 19 rows.
Rank checking with p = 17642921
Matrix now has 3 rows.
Rank checking with p = 3711307
Matrix now has 3 rows.
Rank checking with p = 6328171
Matrix now has 3 rows.
Matrix has 8 columns.
The big matrix now has 20 rows.
Rank checking with p = 6776279
Matrix now has 4 rows.
Rank checking with p = 7575193
Matrix now has 4 rows.
Rank checking with p = 18144431
Matrix now has 4 rows.
Matrix has 8 columns.
The big matrix now has 21 rows.
Rank checking with p = 21388373
Matrix now has 6 rows.
Rank checking with p = 6355597
Matrix now has 6 rows.
Rank checking with p = 27315979
Matrix now has 6 rows.
Matrix has 8 columns.
The big matrix now has 22 rows.
Rank checking with p = 10076621
Matrix now has 8 rows.
Rank checking with p = 885883
Matrix now has 8 rows.
Rank checking with p = 13486313
Matrix now has 8 rows.
Matrix has 8 columns.
We're done with d = 2!
Finding minimal coefficients for d = 4.
The big matrix now has 4 rows.
Rank checking with p = 2467403
Matrix now has 3 rows.
Rank checking with p = 31807631
Matrix now has 3 rows.
Rank checking with p = 13261009
Matrix now has 3 rows.
Matrix has 8 columns.
The big matrix now has 10 rows.
Rank checking with p = 5228813
Matrix now has 3 rows.
Rank checking with p = 8281099
Matrix now has 3 rows.
Rank checking with p = 30778087
Matrix now has 3 rows.
Matrix has 8 columns.
The big matrix now has 13 rows.
Rank checking with p = 13192937
Matrix now has 3 rows.
Rank checking with p = 16676417
Matrix now has 3 rows.
Rank checking with p = 28144513
Matrix now has 3 rows.
Matrix has 8 columns.
The big matrix now has 13 rows.
Rank checking with p = 14643241
Matrix now has 4 rows.
Rank checking with p = 8661461
Matrix now has 4 rows.
Rank checking with p = 21833257
Matrix now has 4 rows.
Matrix has 8 columns.
The big matrix now has 16 rows.
Rank checking with p = 311567
Matrix now has 6 rows.
Rank checking with p = 363373
Matrix now has 6 rows.
Rank checking with p = 17862049
Matrix now has 6 rows.
Matrix has 8 columns.
The big matrix now has 20 rows.
Rank checking with p = 2331937
Matrix now has 8 rows.
Rank checking with p = 33102737
Matrix now has 8 rows.
Rank checking with p = 10872509
Matrix now has 8 rows.
Matrix has 8 columns.
We're done with d = 4!
Computing coefficients at primes dividing the level.
Working on decomposition of d = 1 piece.
Building trace matrix for newform 1.
Done!
Building trace matrix for newform 2.
Done!
Building trace matrix for newform 3.
Done!
Building trace matrix for newform 4.
Done!
Building big trace matrix.
Solving the eigen matrix linear system!
Solving the trace matrix linear system!
Done! Time taken was 0.000
It worked!
Working on decomposition of d = 2 piece.
Building trace matrix for newform 1.
Done!
Building trace matrix for newform 2.
Done!
Building big trace matrix.
Solving the eigen matrix linear system!
Solving the trace matrix linear system!
Done! Time taken was 0.000
It worked!
Working on decomposition of d = 4 piece.
Building trace matrix for newform 1.
Done!
Building trace matrix for newform 2.
Done!
Building big trace matrix.
Solving the eigen matrix linear system!
Solving the trace matrix linear system!
Done! Time taken was 0.000
It worked!
The full decomposition is complete!
The overall cuspidal constant is 4.795270822.
Memory used was 825.47 Mb.
The Eisenstein lower bound is 1/3 =
   0.3333333.
The F4 upper bound is 14.52967059.
The numerical Eisenstein lower bound is 1/3 = 0.3333333.
The numerical cusp form bound is 2.688998.
The form represents all numbers less than
or equal to 5000 except the following: [ 1, 25 ]
Split local cover of the form [d] + L with d = 2.
L = [ 8  0  0]
[ 0 10  0]
[ 0  0 12].
Preprocessing complete. Time needed is 64.020 sec.
The bound for eligible primes is 23.72685272.
There are 335 eligible primes.
The product of more than 8 primes exceeds the bound.
The largest squarefree eligible number is 25571910.
Computing the theta series for the ternary form up to precision 161820.
There are 3 numbers which aren't represented by the ternary form.
They are [ 3, 2, 1 ].
The following numbers fail to be represented by the form: [ 1 ].
Checking eligible numbers complete. Time needed is 0.170 sec.
There are 1 numbers which aren't represented by the ternary form.
They are [ 25 ].
The following numbers fail to be represented by the form: [ 25 ].
Checking eligible numbers complete. Time needed is 0.010 sec.
There are 0 numbers which aren't represented by the ternary form.
They are [].
The following numbers fail to be represented by the form: [ 1, 25 ]
Time needed is 23.520 sec.
