Summary for Form #2.
Form has matrix [ 2  0  0  0]
[ 0  4 -2 -1]
[ 0 -2  5 -1]
[ 0 -1 -1  9].
This form has level 1048.
It has character 1048.
The list of anisotropic primes is
   [].
Are all integers locally represented? true.
Pre-computing theta series and Eisenstein series.
Cusp dimension is 130. Precision is 5000.

Starting cusp constant computation.
Computing newforms of level 1048.
Newform class 1 has size 2.
Newform class 2 has size 8.
Newform class 3 has size 120.
Finding minimal coefficients for d = 1.
Computing newform coefficients at p = 3.
The big matrix now has 8 rows.
Rank checking with p = 16157461
Matrix now has 8 rows.
Rank checking with p = 30956501
Matrix now has 8 rows.
Rank checking with p = 7444631
Matrix now has 8 rows.
Matrix has 130 columns.
Computing newform coefficients at p = 5.
The big matrix now has 32 rows.
Rank checking with p = 13254041
Matrix now has 27 rows.
Rank checking with p = 7178261
Matrix now has 27 rows.
Rank checking with p = 4950433
Matrix now has 27 rows.
Matrix has 130 columns.
Computing newform coefficients at p = 7.
The big matrix now has 71 rows.
Rank checking with p = 2219881
Matrix now has 60 rows.
Rank checking with p = 26560847
Matrix now has 60 rows.
Rank checking with p = 19716703
Matrix now has 60 rows.
Matrix has 130 columns.
Computing newform coefficients at p = 11.
The big matrix now has 117 rows.
Rank checking with p = 32075921
Matrix now has 65 rows.
Rank checking with p = 10165637
Matrix now has 65 rows.
Rank checking with p = 14682721
Matrix now has 65 rows.
Matrix has 130 columns.
Computing newform coefficients at p = 13.
The big matrix now has 135 rows.
Rank checking with p = 24256373
Matrix now has 65 rows.
Rank checking with p = 3161159
Matrix now has 65 rows.
Rank checking with p = 32181293
Matrix now has 65 rows.
Matrix has 130 columns.
Computing newform coefficients at p = 17.
The big matrix now has 141 rows.
Rank checking with p = 20872771
Matrix now has 108 rows.
Rank checking with p = 18752159
Matrix now has 108 rows.
Rank checking with p = 22534763
Matrix now has 108 rows.
Matrix has 130 columns.
Computing newform coefficients at p = 19.
The big matrix now has 191 rows.
Rank checking with p = 13590527
Matrix now has 130 rows.
Rank checking with p = 25173013
Matrix now has 130 rows.
Rank checking with p = 1793023
Matrix now has 130 rows.
Matrix has 130 columns.
We're done with d = 1!
Computing coefficients at primes dividing the level.
Working on decomposition of d = 1 piece.
Building trace matrix for newform 1.
Done!
Building trace matrix for newform 2.
Done!
Building trace matrix for newform 3.
Done!
Building big trace matrix.
Solving the eigen matrix linear system!
Solving the trace matrix linear system!
Done! Time taken was 3.980
It worked!
The full decomposition is complete!
The overall cuspidal constant is 8.369710491.
Memory used was 428.41 Mb.
The Eisenstein lower bound is 390/913 =
   0.4271632.
The F4 upper bound is 19.78964394.
The numerical Eisenstein lower bound is 1938300/4536697 = 0.4272492.
The numerical cusp form bound is 1.455784.
The form represents all numbers less than
or equal to 5000 except the following: [ 1, 3 ]
Split local cover of the form [d] + L with d = 2.
L = [ 8 -4 -2]
[-4 10 -2]
[-2 -2 18].
Preprocessing complete. Time needed is 181.310 sec.
The bound for eligible primes is 43.69968548.
There are 969 eligible primes.
The product of more than 9 primes exceeds the bound.
The largest squarefree eligible number is 872090310.
Computing the theta series for the ternary form up to precision 944998.
There are 3 numbers which aren't represented by the ternary form.
They are [ 3, 2, 1 ].
The following numbers fail to be represented by the form: [ 3, 1 ].
Checking eligible numbers complete. Time needed is 0.750 sec.
There are 0 numbers which aren't represented by the ternary form.
They are [].
The following numbers fail to be represented by the form: [ 3, 1 ]
Time needed is 140.340 sec.
