Summary for Form #20.
Form has matrix [ 2 -1  0  0]
[-1  3  0  0]
[ 0  0  4 -1]
[ 0  0 -1  5].
This form has level 380.
It has character 380.
The list of anisotropic primes is
   [].
Are all integers locally represented? true.
Pre-computing theta series and Eisenstein series.
Cusp dimension is 56. Precision is 5000.

Starting cusp constant computation.
Computing newforms of level 380.
Newform class 1 has size 16.
Newform class 2 has size 40.
Finding minimal coefficients for d = 1.
Computing newform coefficients at p = 3.
The big matrix now has 8 rows.
Rank checking with p = 2669897
Matrix now has 8 rows.
Rank checking with p = 22991141
Matrix now has 8 rows.
Rank checking with p = 8443651
Matrix now has 8 rows.
Matrix has 56 columns.
Computing newform coefficients at p = 7.
The big matrix now has 27 rows.
Rank checking with p = 12847283
Matrix now has 23 rows.
Rank checking with p = 5714591
Matrix now has 23 rows.
Rank checking with p = 23048759
Matrix now has 23 rows.
Matrix has 56 columns.
Computing newform coefficients at p = 11.
The big matrix now has 52 rows.
Rank checking with p = 24907901
Matrix now has 43 rows.
Rank checking with p = 24904051
Matrix now has 43 rows.
Rank checking with p = 18844937
Matrix now has 43 rows.
Matrix has 56 columns.
Computing newform coefficients at p = 13.
The big matrix now has 83 rows.
Rank checking with p = 20965727
Matrix now has 56 rows.
Rank checking with p = 31831343
Matrix now has 56 rows.
Rank checking with p = 6101219
Matrix now has 56 rows.
Matrix has 56 columns.
We're done with d = 1!
Computing coefficients at primes dividing the level.
Working on decomposition of d = 1 piece.
Building trace matrix for newform 1.
Done!
Building trace matrix for newform 2.
Done!
Building big trace matrix.
Solving the eigen matrix linear system!
Solving the trace matrix linear system!
Done! Time taken was 0.010
It worked!
The full decomposition is complete!
The overall cuspidal constant is 6.672730066.
Memory used was 669.03 Mb.
The Eisenstein lower bound is 18/43 =
   0.4186046.
The F4 upper bound is 16.09981482.
The numerical Eisenstein lower bound is 18/43 = 0.4186046.
The numerical cusp form bound is 2.176282.
The form represents all numbers less than
or equal to 5000 except the following: [ 1, 41 ]
Split local cover of the form [d] + L with d = 2.
L = [ 8 -2  0]
[-2 10  0]
[ 0  0 20].
Preprocessing complete. Time needed is 18.520 sec.
The bound for eligible primes is 52.58177502.
There are 1340 eligible primes.
The product of more than 9 primes exceeds the bound.
The largest squarefree eligible number is 606996390.
Computing the theta series for the ternary form up to precision 788394.
There are 5 numbers which aren't represented by the ternary form.
They are [ 41, 31, 3, 2, 1 ].
The following numbers fail to be represented by the form: [ 41, 1 ].
Checking eligible numbers complete. Time needed is 0.770 sec.
There are 0 numbers which aren't represented by the ternary form.
They are [].
The following numbers fail to be represented by the form: [ 41, 1 ]
Time needed is 112.940 sec.
