Summary for Form #5.
Form has matrix [ 2 -1  1 -4]
[-1  3 -2  0]
[ 1 -2  4 -3]
[-4  0 -3 13].
This form has level 80.
It has character 5.
The list of anisotropic primes is
   [].
Are all integers locally represented? true.
Pre-computing theta series and Eisenstein series.
Cusp dimension is 6. Precision is 5000.

Starting cusp constant computation.
Computing newforms of level 5.
Computing newforms of level 10.
Computing newforms of level 20.
Computing newforms of level 40.
Newform class 1 has size 2.
Computing newforms of level 80.
Newform class 1 has size 2.
Finding minimal coefficients for d = 1.
Computing newform coefficients at p = 3.
The big matrix now has 8 rows.
Rank checking with p = 25344311
Matrix now has 2 rows.
Rank checking with p = 9949273
Matrix now has 2 rows.
Rank checking with p = 31264601
Matrix now has 2 rows.
Matrix has 4 columns.
Computing newform coefficients at p = 7.
The big matrix now has 21 rows.
Rank checking with p = 5787631
Matrix now has 2 rows.
Rank checking with p = 9174617
Matrix now has 2 rows.
Rank checking with p = 21830957
Matrix now has 2 rows.
Matrix has 4 columns.
Computing newform coefficients at p = 11.
The big matrix now has 31 rows.
Rank checking with p = 15421327
Matrix now has 4 rows.
Rank checking with p = 145283
Matrix now has 4 rows.
Rank checking with p = 7665439
Matrix now has 4 rows.
Matrix has 4 columns.
We're done with d = 1!
Finding minimal coefficients for d = 2.
The big matrix now has 8 rows.
Rank checking with p = 560243
Matrix now has 2 rows.
Rank checking with p = 31445173
Matrix now has 2 rows.
Rank checking with p = 4819729
Matrix now has 2 rows.
Matrix has 2 columns.
We're done with d = 2!
Computing coefficients at primes dividing the level.
Working on decomposition of d = 1 piece.
Building trace matrix for newform 1.
Done!
Building trace matrix for newform 2.
Done!
Building big trace matrix.
Solving the eigen matrix linear system!
Solving the trace matrix linear system!
Done! Time taken was 0.000
It worked!
Working on decomposition of d = 2 piece.
Building trace matrix for newform 1.
Done!
Building big trace matrix.
Solving the eigen matrix linear system!
Solving the trace matrix linear system!
Done! Time taken was 0.000
It worked!
The full decomposition is complete!
The overall cuspidal constant is 2.699172819.
Memory used was 1382.3 Mb.
The Eisenstein lower bound is 1 =
   1.000000.
The F4 upper bound is 2.726164547.
The numerical Eisenstein lower bound is 1 = 1.000000.
The numerical cusp form bound is 1.000000.
The form represents all numbers less than
or equal to 5000 except the following: [ 1, 6 ]
Split local cover of the form [d] + L with d = 2.
L = [ 4  0  0]
[ 0  6  2]
[ 0  2 14].
Preprocessing complete. Time needed is 69.340 sec.
The bound for eligible primes is 8.974001539.
There are 66 eligible primes.
The product of more than 7 primes exceeds the bound.
The largest squarefree eligible number is 1438710.
Computing the theta series for the ternary form up to precision 38383.
There are 3 numbers which aren't represented by the ternary form.
They are [ 6, 2, 1 ].
The following numbers fail to be represented by the form: [ 6, 1 ].
Checking eligible numbers complete. Time needed is 0.010 sec.
There are 0 numbers which aren't represented by the ternary form.
They are [].
The following numbers fail to be represented by the form: [ 6, 1 ]
Time needed is 2.320 sec.
