Summary for Form #60.
Form has matrix [ 1  0  0 -5]
[ 0  2 -2 -3]
[ 0 -2  5  0]
[-5 -3  0 40].
This form has level 60.
It has character 5.
The list of anisotropic primes is
   [].
Are all integers locally represented? true.
Pre-computing theta series and Eisenstein series.
Cusp dimension is 6. Precision is 5000.

Starting cusp constant computation.
Computing newforms of level 5.
Computing newforms of level 10.
Computing newforms of level 15.
Computing newforms of level 20.
Computing newforms of level 30.
Newform class 1 has size 2.
Computing newforms of level 60.
Newform class 1 has size 2.
Finding minimal coefficients for d = 1.
Computing newform coefficients at p = 7.
The big matrix now has 5 rows.
Rank checking with p = 33381479
Matrix now has 4 rows.
Rank checking with p = 4694167
Matrix now has 4 rows.
Rank checking with p = 17470381
Matrix now has 4 rows.
Matrix has 4 columns.
We're done with d = 1!
Finding minimal coefficients for d = 2.
The big matrix now has 5 rows.
Rank checking with p = 30310051
Matrix now has 2 rows.
Rank checking with p = 1332853
Matrix now has 2 rows.
Rank checking with p = 18650353
Matrix now has 2 rows.
Matrix has 2 columns.
We're done with d = 2!
Computing coefficients at primes dividing the level.
Working on decomposition of d = 1 piece.
Building trace matrix for newform 1.
Done!
Building trace matrix for newform 2.
Done!
Building big trace matrix.
Solving the eigen matrix linear system!
Solving the trace matrix linear system!
Done! Time taken was 0.000
It worked!
Working on decomposition of d = 2 piece.
Building trace matrix for newform 1.
Done!
Building big trace matrix.
Solving the eigen matrix linear system!
Solving the trace matrix linear system!
Done! Time taken was 0.000
It worked!
The full decomposition is complete!
The overall cuspidal constant is 2.159338255.
Memory used was 943.44 Mb.
The Eisenstein lower bound is 2/5 =
   0.4000000.
The F4 upper bound is 5.452329094.
The numerical Eisenstein lower bound is 2/5 = 0.4000000.
The numerical cusp form bound is 0.8240248.
The form represents all numbers less than
or equal to 5000 except the following: [ 10, 26 ]
Split local cover of the form [d] + L with d = 1.
L = [ 4  0 -2]
[ 0  6  0]
[-2  0 16].
Preprocessing complete. Time needed is 24.840 sec.
The bound for eligible primes is 8.974001539.
There are 66 eligible primes.
The product of more than 7 primes exceeds the bound.
The largest squarefree eligible number is 1438710.
Computing the theta series for the ternary form up to precision 19192.
There are 3 numbers which aren't represented by the ternary form.
They are [ 26, 10, 1 ].
The following numbers fail to be represented by the form: [ 26, 10 ].
Checking eligible numbers complete. Time needed is 0.040 sec.
There are 0 numbers which aren't represented by the ternary form.
They are [].
The following numbers fail to be represented by the form: [ 26, 10 ]
Time needed is 0.740 sec.
