Summary for Form #62.
Form has matrix [ 1  0  0  0]
[ 0  2 -2 -4]
[ 0 -2  5  4]
[ 0 -4  4 26].
This form has level 72.
It has character 12.
The list of anisotropic primes is
   [].
Are all integers locally represented? true.
Pre-computing theta series and Eisenstein series.
Cusp dimension is 4. Precision is 5000.

Starting cusp constant computation.
Computing newforms of level 12.
Computing newforms of level 24.
Computing newforms of level 36.
Newform class 1 has size 2.
Computing newforms of level 72.
Finding minimal coefficients for d = 1.
Computing newform coefficients at p = 5.
The big matrix now has 6 rows.
Rank checking with p = 26195683
Matrix now has 2 rows.
Rank checking with p = 31886497
Matrix now has 2 rows.
Rank checking with p = 27354697
Matrix now has 2 rows.
Matrix has 2 columns.
We're done with d = 1!
Finding minimal coefficients for d = 2.
The big matrix now has 5 rows.
Rank checking with p = 29883731
Matrix now has 2 rows.
Rank checking with p = 8160769
Matrix now has 2 rows.
Rank checking with p = 32333591
Matrix now has 2 rows.
Matrix has 2 columns.
We're done with d = 2!
Computing coefficients at primes dividing the level.
Working on decomposition of d = 1 piece.
Building trace matrix for newform 1.
Done!
Building big trace matrix.
Solving the eigen matrix linear system!
Solving the trace matrix linear system!
Done! Time taken was 0.000
It worked!
Working on decomposition of d = 2 piece.
Building trace matrix for newform 1.
Done!
Building big trace matrix.
Solving the eigen matrix linear system!
Solving the trace matrix linear system!
Done! Time taken was 0.000
It worked!
The full decomposition is complete!
The overall cuspidal constant is 4.898979486.
Memory used was 631.47 Mb.
The Eisenstein lower bound is 1/3 =
   0.3333333.
The F4 upper bound is 14.84390784.
The numerical Eisenstein lower bound is 1/3 = 0.3333333.
The numerical cusp form bound is 1.333333.
The form represents all numbers less than
or equal to 5000 except the following: [ 10, 58 ]
Split local cover of the form [d] + L with d = 1.
L = [ 4  0  0]
[ 0  6  0]
[ 0  0 36].
Preprocessing complete. Time needed is 27.690 sec.
The bound for eligible primes is 32.77846261.
There are 590 eligible primes.
The product of more than 9 primes exceeds the bound.
The largest squarefree eligible number is 397687290.
Computing the theta series for the ternary form up to precision 319074.
There are 3 numbers which aren't represented by the ternary form.
They are [ 58, 10, 1 ].
The following numbers fail to be represented by the form: [ 58, 10 ].
Checking eligible numbers complete. Time needed is 0.480 sec.
There are 0 numbers which aren't represented by the ternary form.
They are [].
The following numbers fail to be represented by the form: [ 58, 10 ]
Time needed is 13.820 sec.
