Summary for Form #64.
Form has matrix [ 1  0 -1 -3]
[ 0  2  0 -2]
[-1  0  5  1]
[-3 -2  1 30].
This form has level 288.
It has character 1.
The list of anisotropic primes is
   [ 2 ].
Are all integers locally represented? true.
Pre-computing theta series and Eisenstein series.
Cusp dimension is 33. Precision is 5000.

Starting cusp constant computation.
Computing newforms of level 1.
Computing newforms of level 2.
Computing newforms of level 3.
Computing newforms of level 4.
Computing newforms of level 6.
Computing newforms of level 8.
Computing newforms of level 9.
Computing newforms of level 12.
Computing newforms of level 16.
Computing newforms of level 18.
Computing newforms of level 24.
Newform class 1 has size 1.
Computing newforms of level 32.
Newform class 1 has size 1.
Computing newforms of level 36.
Newform class 1 has size 1.
Computing newforms of level 48.
Newform class 1 has size 1.
Computing newforms of level 72.
Newform class 1 has size 1.
Computing newforms of level 96.
Newform class 1 has size 1.
Newform class 2 has size 1.
Computing newforms of level 144.
Newform class 1 has size 1.
Newform class 2 has size 1.
Computing newforms of level 288.
Newform class 1 has size 1.
Newform class 2 has size 1.
Newform class 3 has size 1.
Newform class 4 has size 1.
Newform class 5 has size 1.
Finding minimal coefficients for d = 1.
Computing newform coefficients at p = 5.
The big matrix now has 6 rows.
Rank checking with p = 17219687
Matrix now has 5 rows.
Rank checking with p = 32536937
Matrix now has 5 rows.
Rank checking with p = 9053459
Matrix now has 5 rows.
Matrix has 14 columns.
Computing newform coefficients at p = 7.
The big matrix now has 20 rows.
Rank checking with p = 11377823
Matrix now has 10 rows.
Rank checking with p = 23470201
Matrix now has 10 rows.
Rank checking with p = 3627469
Matrix now has 10 rows.
Matrix has 14 columns.
Computing newform coefficients at p = 11.
The big matrix now has 33 rows.
Rank checking with p = 29654441
Matrix now has 14 rows.
Rank checking with p = 25839773
Matrix now has 14 rows.
Rank checking with p = 27821939
Matrix now has 14 rows.
Matrix has 14 columns.
We're done with d = 1!
Finding minimal coefficients for d = 2.
The big matrix now has 5 rows.
Rank checking with p = 26045417
Matrix now has 3 rows.
Rank checking with p = 16899187
Matrix now has 3 rows.
Rank checking with p = 16478827
Matrix now has 3 rows.
Matrix has 6 columns.
The big matrix now has 17 rows.
Rank checking with p = 1192603
Matrix now has 4 rows.
Rank checking with p = 871001
Matrix now has 4 rows.
Rank checking with p = 11794831
Matrix now has 4 rows.
Matrix has 6 columns.
The big matrix now has 22 rows.
Rank checking with p = 17443253
Matrix now has 6 rows.
Rank checking with p = 5798761
Matrix now has 6 rows.
Rank checking with p = 901717
Matrix now has 6 rows.
Matrix has 6 columns.
We're done with d = 2!
Finding minimal coefficients for d = 3.
The big matrix now has 5 rows.
Rank checking with p = 16032199
Matrix now has 2 rows.
Rank checking with p = 9377083
Matrix now has 2 rows.
Rank checking with p = 14399383
Matrix now has 2 rows.
Matrix has 5 columns.
The big matrix now has 13 rows.
Rank checking with p = 8169599
Matrix now has 3 rows.
Rank checking with p = 32012917
Matrix now has 3 rows.
Rank checking with p = 1737809
Matrix now has 3 rows.
Matrix has 5 columns.
The big matrix now has 20 rows.
Rank checking with p = 27503221
Matrix now has 5 rows.
Rank checking with p = 13847459
Matrix now has 5 rows.
Rank checking with p = 25272743
Matrix now has 5 rows.
Matrix has 5 columns.
We're done with d = 3!
Finding minimal coefficients for d = 4.
The big matrix now has 5 rows.
Rank checking with p = 27255427
Matrix now has 3 rows.
Rank checking with p = 1679633
Matrix now has 3 rows.
Rank checking with p = 415391
Matrix now has 3 rows.
Matrix has 3 columns.
We're done with d = 4!
Finding minimal coefficients for d = 6.
The big matrix now has 5 rows.
Rank checking with p = 1501607
Matrix now has 1 rows.
Rank checking with p = 15474647
Matrix now has 1 rows.
Rank checking with p = 14137559
Matrix now has 1 rows.
Matrix has 2 columns.
The big matrix now has 10 rows.
Rank checking with p = 28604129
Matrix now has 1 rows.
Rank checking with p = 4128451
Matrix now has 1 rows.
Rank checking with p = 20798731
Matrix now has 1 rows.
Matrix has 2 columns.
The big matrix now has 13 rows.
Rank checking with p = 12355157
Matrix now has 2 rows.
Rank checking with p = 18794341
Matrix now has 2 rows.
Rank checking with p = 28475383
Matrix now has 2 rows.
Matrix has 2 columns.
We're done with d = 6!
Finding minimal coefficients for d = 8.
The big matrix now has 4 rows.
Rank checking with p = 3252371
Matrix now has 1 rows.
Rank checking with p = 15932027
Matrix now has 1 rows.
Rank checking with p = 2098757
Matrix now has 1 rows.
Matrix has 1 columns.
We're done with d = 8!
Finding minimal coefficients for d = 9.
The big matrix now has 4 rows.
Rank checking with p = 11469013
Matrix now has 1 rows.
Rank checking with p = 6555427
Matrix now has 1 rows.
Rank checking with p = 4611077
Matrix now has 1 rows.
Matrix has 1 columns.
We're done with d = 9!
Finding minimal coefficients for d = 12.
The big matrix now has 4 rows.
Rank checking with p = 28372621
Matrix now has 1 rows.
Rank checking with p = 30570931
Matrix now has 1 rows.
Rank checking with p = 7758371
Matrix now has 1 rows.
Matrix has 1 columns.
We're done with d = 12!
Computing coefficients at primes dividing the level.
Working on decomposition of d = 1 piece.
Building trace matrix for newform 1.
Done!
Building trace matrix for newform 2.
Done!
Building trace matrix for newform 3.
Done!
Building trace matrix for newform 4.
Done!
Building trace matrix for newform 5.
Done!
Building trace matrix for newform 6.
Done!
Building trace matrix for newform 7.
Done!
Building trace matrix for newform 8.
Done!
Building trace matrix for newform 9.
Done!
Building trace matrix for newform 10.
Done!
Building trace matrix for newform 11.
Done!
Building trace matrix for newform 12.
Done!
Building trace matrix for newform 13.
Done!
Building trace matrix for newform 14.
Done!
Building big trace matrix.
Solving the eigen matrix linear system!
Solving the trace matrix linear system!
Done! Time taken was 0.000
It worked!
Working on decomposition of d = 2 piece.
Building trace matrix for newform 1.
Done!
Building trace matrix for newform 3.
Done!
Building trace matrix for newform 4.
Done!
Building trace matrix for newform 5.
Done!
Building trace matrix for newform 8.
Done!
Building trace matrix for newform 9.
Done!
Building big trace matrix.
Solving the eigen matrix linear system!
Solving the trace matrix linear system!
Done! Time taken was 0.000
It worked!
Working on decomposition of d = 3 piece.
Building trace matrix for newform 1.
Done!
Building trace matrix for newform 2.
Done!
Building trace matrix for newform 4.
Done!
Building trace matrix for newform 6.
Done!
Building trace matrix for newform 7.
Done!
Building big trace matrix.
Solving the eigen matrix linear system!
Solving the trace matrix linear system!
Done! Time taken was 0.000
It worked!
Working on decomposition of d = 4 piece.
Building trace matrix for newform 1.
Done!
Building trace matrix for newform 3.
Done!
Building trace matrix for newform 5.
Done!
Building big trace matrix.
Solving the eigen matrix linear system!
Solving the trace matrix linear system!
Done! Time taken was 0.000
It worked!
Working on decomposition of d = 6 piece.
Building trace matrix for newform 1.
Done!
Building trace matrix for newform 4.
Done!
Building big trace matrix.
Solving the eigen matrix linear system!
Solving the trace matrix linear system!
Done! Time taken was 0.000
It worked!
Working on decomposition of d = 8 piece.
Building trace matrix for newform 3.
Done!
Building big trace matrix.
Solving the eigen matrix linear system!
Solving the trace matrix linear system!
Done! Time taken was 0.000
It worked!
Working on decomposition of d = 9 piece.
Building trace matrix for newform 2.
Done!
Building big trace matrix.
Solving the eigen matrix linear system!
Solving the trace matrix linear system!
Done! Time taken was 0.000
It worked!
Working on decomposition of d = 12 piece.
Building trace matrix for newform 1.
Done!
Building big trace matrix.
Solving the eigen matrix linear system!
Solving the trace matrix linear system!
Done! Time taken was 0.000
It worked!
The full decomposition is complete!
The overall cuspidal constant is 9.759275552.
Memory used was 555.69 Mb.
The Eisenstein lower bound is 1/2 =
   0.5000000.
The F4 upper bound is 19.71373661.
The numerical Eisenstein lower bound is 1/2 = 0.5000000.
The numerical cusp form bound is 1.206259.
The form represents all numbers less than
or equal to 5000 except the following: [ 14, 56 ]
Split local cover of the form [d] + L with d = 1.
L = [ 4  0  0]
[ 0  8 -4]
[ 0 -4 38].
Preprocessing complete. Time needed is 110.150 sec.
The bound for eligible primes is 32.19239709.
There are 570 eligible primes.
The product of more than 8 primes exceeds the bound.
The largest squarefree eligible number is 24534510.
Computing the theta series for the ternary form up to precision 79252.
There are 2 numbers which aren't represented by the ternary form.
They are [ 14, 1 ].
The following numbers fail to be represented by the form: [ 14 ].
Checking eligible numbers complete. Time needed is 0.300 sec.
There are 1 numbers which aren't represented by the ternary form.
They are [ 56 ].
The following numbers fail to be represented by the form: [ 56 ].
Checking eligible numbers complete. Time needed is 0.000 sec.
There are 0 numbers which aren't represented by the ternary form.
They are [].
The following numbers fail to be represented by the form: [ 14, 56 ]
Time needed is 2.120 sec.
