Summary for Form #65.
Form has matrix [ 1 -1  0 -2]
[-1  2 -1  0]
[ 0 -1  3  2]
[-2  0  2 30].
This form has level 88.
It has character 44.
The list of anisotropic primes is
   [].
Are all integers locally represented? true.
Pre-computing theta series and Eisenstein series.
Cusp dimension is 8. Precision is 5000.

Starting cusp constant computation.
Computing newforms of level 44.
Newform class 1 has size 4.
Computing newforms of level 88.
Finding minimal coefficients for d = 1.
Computing newform coefficients at p = 3.
The big matrix now has 8 rows.
Rank checking with p = 17680373
Matrix now has 2 rows.
Rank checking with p = 25457639
Matrix now has 2 rows.
Rank checking with p = 9479641
Matrix now has 2 rows.
Matrix has 4 columns.
Computing newform coefficients at p = 5.
The big matrix now has 26 rows.
Rank checking with p = 15389597
Matrix now has 2 rows.
Rank checking with p = 3411857
Matrix now has 2 rows.
Rank checking with p = 17329223
Matrix now has 2 rows.
Matrix has 4 columns.
Computing newform coefficients at p = 7.
The big matrix now has 46 rows.
Rank checking with p = 17644447
Matrix now has 4 rows.
Rank checking with p = 10842233
Matrix now has 4 rows.
Rank checking with p = 1182487
Matrix now has 4 rows.
Matrix has 4 columns.
We're done with d = 1!
Finding minimal coefficients for d = 2.
The big matrix now has 8 rows.
Rank checking with p = 12302959
Matrix now has 2 rows.
Rank checking with p = 9322493
Matrix now has 2 rows.
Rank checking with p = 30668189
Matrix now has 2 rows.
Matrix has 4 columns.
The big matrix now has 22 rows.
Rank checking with p = 32994307
Matrix now has 2 rows.
Rank checking with p = 27446957
Matrix now has 2 rows.
Rank checking with p = 23370883
Matrix now has 2 rows.
Matrix has 4 columns.
The big matrix now has 38 rows.
Rank checking with p = 7713163
Matrix now has 4 rows.
Rank checking with p = 20462789
Matrix now has 4 rows.
Rank checking with p = 29362681
Matrix now has 4 rows.
Matrix has 4 columns.
We're done with d = 2!
Computing coefficients at primes dividing the level.
Working on decomposition of d = 1 piece.
Building trace matrix for newform 1.
Done!
Building big trace matrix.
Solving the eigen matrix linear system!
Solving the trace matrix linear system!
Done! Time taken was 0.000
It worked!
Working on decomposition of d = 2 piece.
Building trace matrix for newform 1.
Done!
Building big trace matrix.
Solving the eigen matrix linear system!
Solving the trace matrix linear system!
Done! Time taken was 0.000
It worked!
The full decomposition is complete!
The overall cuspidal constant is 12.28239158.
Memory used was 953.12 Mb.
The Eisenstein lower bound is 5/7 =
   0.7142857.
The F4 upper bound is 17.36730169.
The numerical Eisenstein lower bound is 12340/17269 = 0.7145752.
The numerical cusp form bound is 2.463687.
The form represents all numbers less than
or equal to 5000 except the following: [ 14, 78 ]
Split local cover of the form [d] + L with d = 1.
L = [ 2  0  0]
[ 0  4  0]
[ 0  0 44].
Preprocessing complete. Time needed is 36.590 sec.
The bound for eligible primes is 56.72136980.
There are 1532 eligible primes.
The product of more than 9 primes exceeds the bound.
The largest squarefree eligible number is 692762070.
Computing the theta series for the ternary form up to precision 421126.
There are 3 numbers which aren't represented by the ternary form.
They are [ 78, 14, 1 ].
The following numbers fail to be represented by the form: [ 78, 14 ].
Checking eligible numbers complete. Time needed is 0.910 sec.
There are 0 numbers which aren't represented by the ternary form.
They are [].
The following numbers fail to be represented by the form: [ 78, 14 ]
Time needed is 16.640 sec.
