Summary for Form #26.
Form has matrix [ 1  0  0 -4]
[ 0  3 -2  0]
[ 0 -2  5 -1]
[-4  0 -1 22].
This form has level 252.
It has character 28.
The list of anisotropic primes is
   [].
Are all integers locally represented? true.
Pre-computing theta series and Eisenstein series.
Cusp dimension is 40. Precision is 5000.

Starting cusp constant computation.
Computing newforms of level 28.
Newform class 1 has size 2.
Computing newforms of level 84.
Newform class 1 has size 4.
Newform class 2 has size 4.
Computing newforms of level 252.
Newform class 1 has size 2.
Newform class 2 has size 4.
Newform class 3 has size 4.
Newform class 4 has size 4.
Newform class 5 has size 4.
Finding minimal coefficients for d = 1.
Computing newform coefficients at p = 5.
The big matrix now has 6 rows.
Rank checking with p = 8923921
Matrix now has 6 rows.
Rank checking with p = 3046763
Matrix now has 6 rows.
Rank checking with p = 782389
Matrix now has 6 rows.
Matrix has 28 columns.
Computing newform coefficients at p = 11.
The big matrix now has 17 rows.
Rank checking with p = 27891277
Matrix now has 13 rows.
Rank checking with p = 14366839
Matrix now has 13 rows.
Rank checking with p = 28756801
Matrix now has 13 rows.
Matrix has 28 columns.
Computing newform coefficients at p = 13.
The big matrix now has 32 rows.
Rank checking with p = 30765323
Matrix now has 21 rows.
Rank checking with p = 7198223
Matrix now has 21 rows.
Rank checking with p = 28489597
Matrix now has 21 rows.
Matrix has 28 columns.
Computing newform coefficients at p = 17.
The big matrix now has 48 rows.
Rank checking with p = 28996601
Matrix now has 24 rows.
Rank checking with p = 6035831
Matrix now has 24 rows.
Rank checking with p = 16627981
Matrix now has 24 rows.
Matrix has 28 columns.
Computing newform coefficients at p = 19.
The big matrix now has 55 rows.
Rank checking with p = 2375327
Matrix now has 24 rows.
Rank checking with p = 21864049
Matrix now has 24 rows.
Rank checking with p = 26394491
Matrix now has 24 rows.
Matrix has 28 columns.
Computing newform coefficients at p = 23.
The big matrix now has 54 rows.
Rank checking with p = 23461931
Matrix now has 24 rows.
Rank checking with p = 12157069
Matrix now has 24 rows.
Rank checking with p = 27878509
Matrix now has 24 rows.
Matrix has 28 columns.
Computing newform coefficients at p = 29.
The big matrix now has 53 rows.
Rank checking with p = 10670489
Matrix now has 28 rows.
Rank checking with p = 14747441
Matrix now has 28 rows.
Rank checking with p = 2385827
Matrix now has 28 rows.
Matrix has 28 columns.
We're done with d = 1!
Finding minimal coefficients for d = 3.
The big matrix now has 5 rows.
Rank checking with p = 17560889
Matrix now has 5 rows.
Rank checking with p = 26659483
Matrix now has 5 rows.
Rank checking with p = 28147403
Matrix now has 5 rows.
Matrix has 10 columns.
The big matrix now has 15 rows.
Rank checking with p = 20030053
Matrix now has 10 rows.
Rank checking with p = 14213981
Matrix now has 10 rows.
Rank checking with p = 5209481
Matrix now has 10 rows.
Matrix has 10 columns.
We're done with d = 3!
Finding minimal coefficients for d = 9.
The big matrix now has 4 rows.
Rank checking with p = 707933
Matrix now has 1 rows.
Rank checking with p = 6604943
Matrix now has 1 rows.
Rank checking with p = 19272887
Matrix now has 1 rows.
Matrix has 2 columns.
The big matrix now has 7 rows.
Rank checking with p = 21453911
Matrix now has 2 rows.
Rank checking with p = 8476801
Matrix now has 2 rows.
Rank checking with p = 4970279
Matrix now has 2 rows.
Matrix has 2 columns.
We're done with d = 9!
Computing coefficients at primes dividing the level.
Working on decomposition of d = 1 piece.
Building trace matrix for newform 1.
Done!
Building trace matrix for newform 2.
Done!
Building trace matrix for newform 3.
Done!
Building trace matrix for newform 4.
Done!
Building trace matrix for newform 5.
Done!
Building trace matrix for newform 6.
Done!
Building trace matrix for newform 7.
Done!
Building trace matrix for newform 8.
Done!
Building big trace matrix.
Solving the eigen matrix linear system!
Solving the trace matrix linear system!
Done! Time taken was 0.000
It worked!
Working on decomposition of d = 3 piece.
Building trace matrix for newform 1.
Done!
Building trace matrix for newform 2.
Done!
Building trace matrix for newform 3.
Done!
Building big trace matrix.
Solving the eigen matrix linear system!
Solving the trace matrix linear system!
Done! Time taken was 0.000
It worked!
Working on decomposition of d = 9 piece.
Building trace matrix for newform 1.
Done!
Building big trace matrix.
Solving the eigen matrix linear system!
Solving the trace matrix linear system!
Done! Time taken was 0.000
It worked!
The full decomposition is complete!
The overall cuspidal constant is 2.651650429.
Memory used was 807.25 Mb.
The Eisenstein lower bound is 3/8 =
   0.3750000.
The F4 upper bound is 7.141778490.
The numerical Eisenstein lower bound is 1863/4967 = 0.3750755.
The numerical cusp form bound is 1.328720.
The form represents all numbers less than
or equal to 5000 except the following: [ 2, 11 ]
Split local cover of the form [d] + L with d = 1.
L = [ 6  2  0]
[ 2  8 -2]
[ 0 -2 12].
Preprocessing complete. Time needed is 20.710 sec.
The bound for eligible primes is 15.64685272.
There are 165 eligible primes.
The product of more than 8 primes exceeds the bound.
The largest squarefree eligible number is 15825810.
Computing the theta series for the ternary form up to precision 63651.
There are 3 numbers which aren't represented by the ternary form.
They are [ 11, 2, 1 ].
The following numbers fail to be represented by the form: [ 11, 2 ].
Checking eligible numbers complete. Time needed is 0.060 sec.
There are 0 numbers which aren't represented by the ternary form.
They are [].
The following numbers fail to be represented by the form: [ 11, 2 ]
Time needed is 5.640 sec.
