Summary for Form #21.
Form has matrix [ 1  0  0 -2]
[ 0  4 -3 -3]
[ 0 -3  6  0]
[-2 -3  0 12].
This form has level 264.
It has character 264.
The list of anisotropic primes is
   [].
Are all integers locally represented? true.
Pre-computing theta series and Eisenstein series.
Cusp dimension is 44. Precision is 5000.

Starting cusp constant computation.
Computing newforms of level 264.
Newform class 1 has size 4.
Newform class 2 has size 40.
Finding minimal coefficients for d = 1.
Computing newform coefficients at p = 5.
The big matrix now has 6 rows.
Rank checking with p = 8750921
Matrix now has 6 rows.
Rank checking with p = 8059063
Matrix now has 6 rows.
Rank checking with p = 4459993
Matrix now has 6 rows.
Matrix has 44 columns.
Computing newform coefficients at p = 7.
The big matrix now has 21 rows.
Rank checking with p = 10980721
Matrix now has 17 rows.
Rank checking with p = 28527673
Matrix now has 17 rows.
Rank checking with p = 27430499
Matrix now has 17 rows.
Matrix has 44 columns.
Computing newform coefficients at p = 13.
The big matrix now has 39 rows.
Rank checking with p = 10446529
Matrix now has 29 rows.
Rank checking with p = 26681621
Matrix now has 29 rows.
Rank checking with p = 17044091
Matrix now has 29 rows.
Matrix has 44 columns.
Computing newform coefficients at p = 17.
The big matrix now has 57 rows.
Rank checking with p = 30027317
Matrix now has 39 rows.
Rank checking with p = 19474439
Matrix now has 39 rows.
Rank checking with p = 13932211
Matrix now has 39 rows.
Matrix has 44 columns.
Computing newform coefficients at p = 19.
The big matrix now has 72 rows.
Rank checking with p = 2478101
Matrix now has 42 rows.
Rank checking with p = 16081229
Matrix now has 42 rows.
Rank checking with p = 25771037
Matrix now has 42 rows.
Matrix has 44 columns.
Computing newform coefficients at p = 23.
The big matrix now has 75 rows.
Rank checking with p = 11864507
Matrix now has 44 rows.
Rank checking with p = 9626543
Matrix now has 44 rows.
Rank checking with p = 31342513
Matrix now has 44 rows.
Matrix has 44 columns.
We're done with d = 1!
Computing coefficients at primes dividing the level.
Working on decomposition of d = 1 piece.
Building trace matrix for newform 1.
Done!
Building trace matrix for newform 2.
Done!
Building big trace matrix.
Solving the eigen matrix linear system!
Solving the trace matrix linear system!
Done! Time taken was 0.010
It worked!
The full decomposition is complete!
The overall cuspidal constant is 5.554410880.
Memory used was 790.06 Mb.
The Eisenstein lower bound is 15/28 =
   0.5357143.
The F4 upper bound is 10.47191598.
The numerical Eisenstein lower bound is 37305/69622 = 0.5358220.
The numerical cusp form bound is 1.492478.
The form represents all numbers less than
or equal to 5000 except the following: [ 2, 3 ]
Split local cover of the form [d] + L with d = 1.
L = [ 8  2 -4]
[ 2  8  2]
[-4  2 12].
Preprocessing complete. Time needed is 30.650 sec.
The bound for eligible primes is 17.23575164.
There are 195 eligible primes.
The product of more than 8 primes exceeds the bound.
The largest squarefree eligible number is 13123110.
Computing the theta series for the ternary form up to precision 57962.
There are 3 numbers which aren't represented by the ternary form.
They are [ 3, 2, 1 ].
The following numbers fail to be represented by the form: [ 3, 2 ].
Checking eligible numbers complete. Time needed is 0.090 sec.
There are 0 numbers which aren't represented by the ternary form.
They are [].
The following numbers fail to be represented by the form: [ 3, 2 ]
Time needed is 5.440 sec.
