Summary for Form #31.
Form has matrix [ 1  0 -1  0]
[ 0  3  0  0]
[-1  0  5 -2]
[ 0  0 -2  6].
This form has level 120.
It has character 60.
The list of anisotropic primes is
   [].
Are all integers locally represented? true.
Pre-computing theta series and Eisenstein series.
Cusp dimension is 16. Precision is 5000.

Starting cusp constant computation.
Computing newforms of level 60.
Newform class 1 has size 4.
Newform class 2 has size 4.
Computing newforms of level 120.
Finding minimal coefficients for d = 1.
Computing newform coefficients at p = 7.
The big matrix now has 5 rows.
Rank checking with p = 22935713
Matrix now has 3 rows.
Rank checking with p = 23786303
Matrix now has 3 rows.
Rank checking with p = 25915303
Matrix now has 3 rows.
Matrix has 8 columns.
Computing newform coefficients at p = 11.
The big matrix now has 13 rows.
Rank checking with p = 32232121
Matrix now has 3 rows.
Rank checking with p = 4533523
Matrix now has 3 rows.
Rank checking with p = 26357489
Matrix now has 3 rows.
Matrix has 8 columns.
Computing newform coefficients at p = 13.
The big matrix now has 20 rows.
Rank checking with p = 6617531
Matrix now has 3 rows.
Rank checking with p = 19139921
Matrix now has 3 rows.
Rank checking with p = 8096593
Matrix now has 3 rows.
Matrix has 8 columns.
Computing newform coefficients at p = 17.
The big matrix now has 28 rows.
Rank checking with p = 13341631
Matrix now has 4 rows.
Rank checking with p = 27527791
Matrix now has 4 rows.
Rank checking with p = 16689221
Matrix now has 4 rows.
Matrix has 8 columns.
Computing newform coefficients at p = 19.
The big matrix now has 34 rows.
Rank checking with p = 22793777
Matrix now has 6 rows.
Rank checking with p = 3577393
Matrix now has 6 rows.
Rank checking with p = 21608459
Matrix now has 6 rows.
Matrix has 8 columns.
Computing newform coefficients at p = 23.
The big matrix now has 35 rows.
Rank checking with p = 20146979
Matrix now has 8 rows.
Rank checking with p = 13624217
Matrix now has 8 rows.
Rank checking with p = 10615819
Matrix now has 8 rows.
Matrix has 8 columns.
We're done with d = 1!
Finding minimal coefficients for d = 2.
The big matrix now has 5 rows.
Rank checking with p = 25074377
Matrix now has 3 rows.
Rank checking with p = 27839261
Matrix now has 3 rows.
Rank checking with p = 16491613
Matrix now has 3 rows.
Matrix has 8 columns.
The big matrix now has 12 rows.
Rank checking with p = 13247077
Matrix now has 3 rows.
Rank checking with p = 28294687
Matrix now has 3 rows.
Rank checking with p = 10489649
Matrix now has 3 rows.
Matrix has 8 columns.
The big matrix now has 19 rows.
Rank checking with p = 28919269
Matrix now has 3 rows.
Rank checking with p = 15606127
Matrix now has 3 rows.
Rank checking with p = 8926237
Matrix now has 3 rows.
Matrix has 8 columns.
The big matrix now has 20 rows.
Rank checking with p = 9488491
Matrix now has 4 rows.
Rank checking with p = 24216473
Matrix now has 4 rows.
Rank checking with p = 4863101
Matrix now has 4 rows.
Matrix has 8 columns.
The big matrix now has 21 rows.
Rank checking with p = 14941133
Matrix now has 6 rows.
Rank checking with p = 22585963
Matrix now has 6 rows.
Rank checking with p = 12598787
Matrix now has 6 rows.
Matrix has 8 columns.
The big matrix now has 22 rows.
Rank checking with p = 32489207
Matrix now has 8 rows.
Rank checking with p = 18950609
Matrix now has 8 rows.
Rank checking with p = 26550613
Matrix now has 8 rows.
Matrix has 8 columns.
We're done with d = 2!
Computing coefficients at primes dividing the level.
Working on decomposition of d = 1 piece.
Building trace matrix for newform 1.
Done!
Building trace matrix for newform 2.
Done!
Building big trace matrix.
Solving the eigen matrix linear system!
Solving the trace matrix linear system!
Done! Time taken was 0.000
It worked!
Working on decomposition of d = 2 piece.
Building trace matrix for newform 1.
Done!
Building trace matrix for newform 2.
Done!
Building big trace matrix.
Solving the eigen matrix linear system!
Solving the trace matrix linear system!
Done! Time taken was 0.000
It worked!
The full decomposition is complete!
The overall cuspidal constant is 7.557453376.
Memory used was 825.47 Mb.
The Eisenstein lower bound is 1/3 =
   0.3333333.
The F4 upper bound is 22.89908373.
The numerical Eisenstein lower bound is 2468/7401 = 0.3334684.
The numerical cusp form bound is 1.728267.
The form represents all numbers less than
or equal to 5000 except the following: [ 2, 38 ]
Split local cover of the form [d] + L with d = 1.
L = [ 6  0  0]
[ 0  8 -4]
[ 0 -4 12].
Preprocessing complete. Time needed is 30.320 sec.
The bound for eligible primes is 37.39404714.
There are 738 eligible primes.
The product of more than 9 primes exceeds the bound.
The largest squarefree eligible number is 223092870.
Computing the theta series for the ternary form up to precision 238981.
There are 3 numbers which aren't represented by the ternary form.
They are [ 38, 2, 1 ].
The following numbers fail to be represented by the form: [ 38, 2 ].
Checking eligible numbers complete. Time needed is 0.530 sec.
There are 0 numbers which aren't represented by the ternary form.
They are [].
The following numbers fail to be represented by the form: [ 38, 2 ]
Time needed is 40.850 sec.
