Summary for Form #24.
Form has matrix [ 1  0  0 -2]
[ 0  3 -1 -3]
[ 0 -1  5 -2]
[-2 -3 -2 18].
This form has level 508.
It has character 508.
The list of anisotropic primes is
   [].
Are all integers locally represented? true.
Pre-computing theta series and Eisenstein series.
Cusp dimension is 62. Precision is 5000.

Starting cusp constant computation.
Computing newforms of level 508.
Newform class 1 has size 10.
Newform class 2 has size 52.
Finding minimal coefficients for d = 1.
Computing newform coefficients at p = 3.
The big matrix now has 8 rows.
Rank checking with p = 26856163
Matrix now has 8 rows.
Rank checking with p = 27935291
Matrix now has 8 rows.
Rank checking with p = 27643789
Matrix now has 8 rows.
Matrix has 62 columns.
Computing newform coefficients at p = 5.
The big matrix now has 32 rows.
Rank checking with p = 33391717
Matrix now has 27 rows.
Rank checking with p = 26553313
Matrix now has 27 rows.
Rank checking with p = 6385339
Matrix now has 27 rows.
Matrix has 62 columns.
Computing newform coefficients at p = 7.
The big matrix now has 71 rows.
Rank checking with p = 32819599
Matrix now has 50 rows.
Rank checking with p = 9966493
Matrix now has 50 rows.
Rank checking with p = 5661839
Matrix now has 50 rows.
Matrix has 62 columns.
Computing newform coefficients at p = 11.
The big matrix now has 107 rows.
Rank checking with p = 16834073
Matrix now has 56 rows.
Rank checking with p = 2501507
Matrix now has 56 rows.
Rank checking with p = 26171039
Matrix now has 56 rows.
Matrix has 62 columns.
Computing newform coefficients at p = 13.
The big matrix now has 126 rows.
Rank checking with p = 17732083
Matrix now has 61 rows.
Rank checking with p = 19224313
Matrix now has 61 rows.
Rank checking with p = 693409
Matrix now has 61 rows.
Matrix has 62 columns.
Computing newform coefficients at p = 17.
The big matrix now has 137 rows.
Rank checking with p = 33382229
Matrix now has 62 rows.
Rank checking with p = 23373737
Matrix now has 62 rows.
Rank checking with p = 14785453
Matrix now has 62 rows.
Matrix has 62 columns.
We're done with d = 1!
Computing coefficients at primes dividing the level.
Working on decomposition of d = 1 piece.
Building trace matrix for newform 1.
Done!
Building trace matrix for newform 2.
Done!
Building big trace matrix.
Solving the eigen matrix linear system!
Solving the trace matrix linear system!
Done! Time taken was 0.020
It worked!
The full decomposition is complete!
The overall cuspidal constant is 5.223187490.
Memory used was 587.31 Mb.
The Eisenstein lower bound is 63/160 =
   0.3937500.
The F4 upper bound is 13.39789045.
The numerical Eisenstein lower bound is 157311/399440 = 0.3938289.
The numerical cusp form bound is 1.750930.
The form represents all numbers less than
or equal to 5000 except the following: [ 2, 8 ]
Split local cover of the form [d] + L with d = 1.
L = [ 6 -2 -2]
[-2 10  4]
[-2  4 20].
Preprocessing complete. Time needed is 25.760 sec.
The bound for eligible primes is 29.35330729.
There are 482 eligible primes.
The product of more than 8 primes exceeds the bound.
The largest squarefree eligible number is 52185210.
Computing the theta series for the ternary form up to precision 115583.
There are 2 numbers which aren't represented by the ternary form.
They are [ 2, 1 ].
The following numbers fail to be represented by the form: [ 2 ].
Checking eligible numbers complete. Time needed is 0.240 sec.
There are 1 numbers which aren't represented by the ternary form.
They are [ 8 ].
The following numbers fail to be represented by the form: [ 8 ].
Checking eligible numbers complete. Time needed is 0.000 sec.
There are 0 numbers which aren't represented by the ternary form.
They are [].
The following numbers fail to be represented by the form: [ 2, 8 ]
Time needed is 6.660 sec.
