Summary for Form #35.
Form has matrix [ 1 -1  0 -2]
[-1  2 -1  1]
[ 0 -1  6 -2]
[-2  1 -2 11].
This form has level 84.
It has character 21.
The list of anisotropic primes is
   [].
Are all integers locally represented? true.
Pre-computing theta series and Eisenstein series.
Cusp dimension is 10. Precision is 5000.

Starting cusp constant computation.
Computing newforms of level 21.
Computing newforms of level 42.
Newform class 1 has size 4.
Computing newforms of level 84.
Newform class 1 has size 2.
Finding minimal coefficients for d = 1.
Computing newform coefficients at p = 5.
The big matrix now has 6 rows.
Rank checking with p = 10230373
Matrix now has 3 rows.
Rank checking with p = 17295857
Matrix now has 3 rows.
Rank checking with p = 27243649
Matrix now has 3 rows.
Matrix has 6 columns.
Computing newform coefficients at p = 11.
The big matrix now has 14 rows.
Rank checking with p = 4885411
Matrix now has 3 rows.
Rank checking with p = 19993723
Matrix now has 3 rows.
Rank checking with p = 4765727
Matrix now has 3 rows.
Matrix has 6 columns.
Computing newform coefficients at p = 13.
The big matrix now has 22 rows.
Rank checking with p = 4609427
Matrix now has 6 rows.
Rank checking with p = 6967483
Matrix now has 6 rows.
Rank checking with p = 29081057
Matrix now has 6 rows.
Matrix has 6 columns.
We're done with d = 1!
Finding minimal coefficients for d = 2.
The big matrix now has 5 rows.
Rank checking with p = 7571821
Matrix now has 2 rows.
Rank checking with p = 26791291
Matrix now has 2 rows.
Rank checking with p = 29863429
Matrix now has 2 rows.
Matrix has 4 columns.
The big matrix now has 12 rows.
Rank checking with p = 11089387
Matrix now has 2 rows.
Rank checking with p = 27499009
Matrix now has 2 rows.
Rank checking with p = 25717217
Matrix now has 2 rows.
Matrix has 4 columns.
The big matrix now has 19 rows.
Rank checking with p = 30991271
Matrix now has 4 rows.
Rank checking with p = 17498581
Matrix now has 4 rows.
Rank checking with p = 27047863
Matrix now has 4 rows.
Matrix has 4 columns.
We're done with d = 2!
Computing coefficients at primes dividing the level.
Working on decomposition of d = 1 piece.
Building trace matrix for newform 1.
Done!
Building trace matrix for newform 2.
Done!
Building big trace matrix.
Solving the eigen matrix linear system!
Solving the trace matrix linear system!
Done! Time taken was 0.000
It worked!
Working on decomposition of d = 2 piece.
Building trace matrix for newform 1.
Done!
Building big trace matrix.
Solving the eigen matrix linear system!
Solving the trace matrix linear system!
Done! Time taken was 0.000
It worked!
The full decomposition is complete!
The overall cuspidal constant is 7.226528007.
Memory used was 1351.0 Mb.
The Eisenstein lower bound is 3/10 =
   0.3000000.
The F4 upper bound is 24.32931096.
The numerical Eisenstein lower bound is 1836/6115 = 0.3002453.
The numerical cusp form bound is 1.917380.
The form represents all numbers less than
or equal to 5000 except the following: [ 3, 12 ]
Split local cover of the form [d] + L with d = 1.
L = [ 2  0  0]
[ 0 10 -6]
[ 0 -6 12].
Preprocessing complete. Time needed is 30.680 sec.
The bound for eligible primes is 39.72959843.
There are 821 eligible primes.
The product of more than 9 primes exceeds the bound.
The largest squarefree eligible number is 406816410.
Computing the theta series for the ternary form up to precision 322716.
There are 2 numbers which aren't represented by the ternary form.
They are [ 3, 1 ].
The following numbers fail to be represented by the form: [ 3 ].
Checking eligible numbers complete. Time needed is 0.590 sec.
There are 1 numbers which aren't represented by the ternary form.
They are [ 12 ].
The following numbers fail to be represented by the form: [ 12 ].
Checking eligible numbers complete. Time needed is 0.000 sec.
There are 0 numbers which aren't represented by the ternary form.
They are [].
The following numbers fail to be represented by the form: [ 3, 12 ]
Time needed is 63.070 sec.
