Summary for Form #36.
Form has matrix [ 1 -1  0 -2]
[-1  2 -1  2]
[ 0 -1  6  0]
[-2  2  0 11].
This form has level 140.
It has character 140.
The list of anisotropic primes is
   [].
Are all integers locally represented? true.
Pre-computing theta series and Eisenstein series.
Cusp dimension is 20. Precision is 5000.

Starting cusp constant computation.
Computing newforms of level 140.
Newform class 1 has size 4.
Newform class 2 has size 16.
Finding minimal coefficients for d = 1.
Computing newform coefficients at p = 3.
The big matrix now has 8 rows.
Rank checking with p = 2257643
Matrix now has 6 rows.
Rank checking with p = 31335677
Matrix now has 6 rows.
Rank checking with p = 9647251
Matrix now has 6 rows.
Matrix has 20 columns.
Computing newform coefficients at p = 11.
The big matrix now has 21 rows.
Rank checking with p = 12401593
Matrix now has 10 rows.
Rank checking with p = 12214577
Matrix now has 10 rows.
Rank checking with p = 7715611
Matrix now has 10 rows.
Matrix has 20 columns.
Computing newform coefficients at p = 13.
The big matrix now has 34 rows.
Rank checking with p = 28243583
Matrix now has 10 rows.
Rank checking with p = 11156897
Matrix now has 10 rows.
Rank checking with p = 28976869
Matrix now has 10 rows.
Matrix has 20 columns.
Computing newform coefficients at p = 17.
The big matrix now has 41 rows.
Rank checking with p = 14160151
Matrix now has 10 rows.
Rank checking with p = 468841
Matrix now has 10 rows.
Rank checking with p = 26057593
Matrix now has 10 rows.
Matrix has 20 columns.
Computing newform coefficients at p = 19.
The big matrix now has 47 rows.
Rank checking with p = 15633901
Matrix now has 18 rows.
Rank checking with p = 2353697
Matrix now has 18 rows.
Rank checking with p = 16725971
Matrix now has 18 rows.
Matrix has 20 columns.
Computing newform coefficients at p = 23.
The big matrix now has 54 rows.
Rank checking with p = 22741891
Matrix now has 20 rows.
Rank checking with p = 13583369
Matrix now has 20 rows.
Rank checking with p = 25242011
Matrix now has 20 rows.
Matrix has 20 columns.
We're done with d = 1!
Computing coefficients at primes dividing the level.
Working on decomposition of d = 1 piece.
Building trace matrix for newform 1.
Done!
Building trace matrix for newform 2.
Done!
Building big trace matrix.
Solving the eigen matrix linear system!
Solving the trace matrix linear system!
Done! Time taken was 0.010
It worked!
The full decomposition is complete!
The overall cuspidal constant is 7.472942884.
Memory used was 1060.8 Mb.
The Eisenstein lower bound is 12/19 =
   0.6315789.
The F4 upper bound is 11.95048116.
The numerical Eisenstein lower bound is 59184/93689 = 0.6317070.
The numerical cusp form bound is 2.828986.
The form represents all numbers less than
or equal to 5000 except the following: [ 3, 19 ]
Split local cover of the form [d] + L with d = 1.
L = [ 2  0  0]
[ 0 10  0]
[ 0  0 14].
Preprocessing complete. Time needed is 25.970 sec.
The bound for eligible primes is 39.03010803.
There are 795 eligible primes.
The product of more than 8 primes exceeds the bound.
The largest squarefree eligible number is 59572590.
Computing the theta series for the ternary form up to precision 123494.
There are 3 numbers which aren't represented by the ternary form.
They are [ 19, 3, 1 ].
The following numbers fail to be represented by the form: [ 19, 3 ].
Checking eligible numbers complete. Time needed is 0.340 sec.
There are 0 numbers which aren't represented by the ternary form.
They are [].
The following numbers fail to be represented by the form: [ 19, 3 ]
Time needed is 13.130 sec.
