Summary for Form #37.
Form has matrix [ 1 -1  0 -1]
[-1  2  0  0]
[ 0  0  6 -5]
[-1  0 -5 12].
This form has level 140.
It has character 140.
The list of anisotropic primes is
   [].
Are all integers locally represented? true.
Pre-computing theta series and Eisenstein series.
Cusp dimension is 20. Precision is 5000.

Starting cusp constant computation.
Computing newforms of level 140.
Newform class 1 has size 4.
Newform class 2 has size 16.
Finding minimal coefficients for d = 1.
Computing newform coefficients at p = 3.
The big matrix now has 8 rows.
Rank checking with p = 4890709
Matrix now has 6 rows.
Rank checking with p = 10687997
Matrix now has 6 rows.
Rank checking with p = 1317307
Matrix now has 6 rows.
Matrix has 20 columns.
Computing newform coefficients at p = 11.
The big matrix now has 21 rows.
Rank checking with p = 23788771
Matrix now has 10 rows.
Rank checking with p = 30909089
Matrix now has 10 rows.
Rank checking with p = 32637239
Matrix now has 10 rows.
Matrix has 20 columns.
Computing newform coefficients at p = 13.
The big matrix now has 34 rows.
Rank checking with p = 5370319
Matrix now has 10 rows.
Rank checking with p = 7386811
Matrix now has 10 rows.
Rank checking with p = 30410587
Matrix now has 10 rows.
Matrix has 20 columns.
Computing newform coefficients at p = 17.
The big matrix now has 41 rows.
Rank checking with p = 29643791
Matrix now has 10 rows.
Rank checking with p = 5369071
Matrix now has 10 rows.
Rank checking with p = 23012839
Matrix now has 10 rows.
Matrix has 20 columns.
Computing newform coefficients at p = 19.
The big matrix now has 47 rows.
Rank checking with p = 22081877
Matrix now has 18 rows.
Rank checking with p = 17482649
Matrix now has 18 rows.
Rank checking with p = 27797827
Matrix now has 18 rows.
Matrix has 20 columns.
Computing newform coefficients at p = 23.
The big matrix now has 54 rows.
Rank checking with p = 734189
Matrix now has 20 rows.
Rank checking with p = 16653487
Matrix now has 20 rows.
Rank checking with p = 6141449
Matrix now has 20 rows.
Matrix has 20 columns.
We're done with d = 1!
Computing coefficients at primes dividing the level.
Working on decomposition of d = 1 piece.
Building trace matrix for newform 1.
Done!
Building trace matrix for newform 2.
Done!
Building big trace matrix.
Solving the eigen matrix linear system!
Solving the trace matrix linear system!
Done! Time taken was 0.000
It worked!
The full decomposition is complete!
The overall cuspidal constant is 6.234041924.
Memory used was 1060.8 Mb.
The Eisenstein lower bound is 12/19 =
   0.6315789.
The F4 upper bound is 9.969272044.
The numerical Eisenstein lower bound is 59688/94487 = 0.6317059.
The numerical cusp form bound is 2.806486.
The form represents all numbers less than
or equal to 5000 except the following: [ 3, 21 ]
Split local cover of the form [d] + L with d = 1.
L = [ 2  0  0]
[ 0 12  2]
[ 0  2 12].
Preprocessing complete. Time needed is 24.580 sec.
The bound for eligible primes is 32.55950615.
There are 581 eligible primes.
The product of more than 8 primes exceeds the bound.
The largest squarefree eligible number is 45555510.
Computing the theta series for the ternary form up to precision 107992.
There are 3 numbers which aren't represented by the ternary form.
They are [ 21, 3, 1 ].
The following numbers fail to be represented by the form: [ 21, 3 ].
Checking eligible numbers complete. Time needed is 0.230 sec.
There are 0 numbers which aren't represented by the ternary form.
They are [].
The following numbers fail to be represented by the form: [ 21, 3 ]
Time needed is 13.580 sec.
