Summary for Form #39.
Form has matrix [ 1 -1  0 -1]
[-1  2  0  1]
[ 0  0  6 -1]
[-1  1 -1 12].
This form has level 260.
It has character 65.
The list of anisotropic primes is
   [].
Are all integers locally represented? true.
Pre-computing theta series and Eisenstein series.
Cusp dimension is 36. Precision is 5000.

Starting cusp constant computation.
Computing newforms of level 65.
Newform class 1 has size 2.
Newform class 2 has size 2.
Computing newforms of level 130.
Newform class 1 has size 4.
Newform class 2 has size 4.
Computing newforms of level 260.
Newform class 1 has size 8.
Finding minimal coefficients for d = 1.
Computing newform coefficients at p = 3.
The big matrix now has 8 rows.
Rank checking with p = 11767271
Matrix now has 8 rows.
Rank checking with p = 6943219
Matrix now has 8 rows.
Rank checking with p = 29904971
Matrix now has 8 rows.
Matrix has 20 columns.
Computing newform coefficients at p = 7.
The big matrix now has 27 rows.
Rank checking with p = 24484721
Matrix now has 18 rows.
Rank checking with p = 29418469
Matrix now has 18 rows.
Rank checking with p = 31576003
Matrix now has 18 rows.
Matrix has 20 columns.
Computing newform coefficients at p = 11.
The big matrix now has 47 rows.
Rank checking with p = 12342721
Matrix now has 20 rows.
Rank checking with p = 25566907
Matrix now has 20 rows.
Rank checking with p = 31877423
Matrix now has 20 rows.
Matrix has 20 columns.
We're done with d = 1!
Finding minimal coefficients for d = 2.
The big matrix now has 8 rows.
Rank checking with p = 19230151
Matrix now has 6 rows.
Rank checking with p = 12352843
Matrix now has 6 rows.
Rank checking with p = 25438187
Matrix now has 6 rows.
Matrix has 12 columns.
The big matrix now has 23 rows.
Rank checking with p = 3470501
Matrix now has 10 rows.
Rank checking with p = 8764781
Matrix now has 10 rows.
Rank checking with p = 9524993
Matrix now has 10 rows.
Matrix has 12 columns.
The big matrix now has 32 rows.
Rank checking with p = 14730523
Matrix now has 12 rows.
Rank checking with p = 6394967
Matrix now has 12 rows.
Rank checking with p = 24369053
Matrix now has 12 rows.
Matrix has 12 columns.
We're done with d = 2!
Finding minimal coefficients for d = 4.
The big matrix now has 7 rows.
Rank checking with p = 15580129
Matrix now has 2 rows.
Rank checking with p = 5742089
Matrix now has 2 rows.
Rank checking with p = 674249
Matrix now has 2 rows.
Matrix has 4 columns.
The big matrix now has 15 rows.
Rank checking with p = 26110687
Matrix now has 2 rows.
Rank checking with p = 11239259
Matrix now has 2 rows.
Rank checking with p = 15489707
Matrix now has 2 rows.
Matrix has 4 columns.
The big matrix now has 20 rows.
Rank checking with p = 24875107
Matrix now has 4 rows.
Rank checking with p = 22825157
Matrix now has 4 rows.
Rank checking with p = 2680709
Matrix now has 4 rows.
Matrix has 4 columns.
We're done with d = 4!
Computing coefficients at primes dividing the level.
Working on decomposition of d = 1 piece.
Building trace matrix for newform 1.
Done!
Building trace matrix for newform 2.
Done!
Building trace matrix for newform 3.
Done!
Building trace matrix for newform 4.
Done!
Building trace matrix for newform 5.
Done!
Building big trace matrix.
Solving the eigen matrix linear system!
Solving the trace matrix linear system!
Done! Time taken was 0.000
It worked!
Working on decomposition of d = 2 piece.
Building trace matrix for newform 1.
Done!
Building trace matrix for newform 2.
Done!
Building trace matrix for newform 3.
Done!
Building trace matrix for newform 4.
Done!
Building big trace matrix.
Solving the eigen matrix linear system!
Solving the trace matrix linear system!
Done! Time taken was 0.000
It worked!
Working on decomposition of d = 4 piece.
Building trace matrix for newform 1.
Done!
Building trace matrix for newform 2.
Done!
Building big trace matrix.
Solving the eigen matrix linear system!
Solving the trace matrix linear system!
Done! Time taken was 0.000
It worked!
The full decomposition is complete!
The overall cuspidal constant is 11.16431750.
Memory used was 795.53 Mb.
The Eisenstein lower bound is 1/2 =
   0.5000000.
The F4 upper bound is 22.55192136.
The numerical Eisenstein lower bound is 1230/2459 = 0.5002033.
The numerical cusp form bound is 2.500000.
The form represents all numbers less than
or equal to 5000 except the following: [ 3, 30 ]
Split local cover of the form [d] + L with d = 1.
L = [ 2  0  0]
[ 0 12 -2]
[ 0 -2 22].
Preprocessing complete. Time needed is 21.140 sec.
The bound for eligible primes is 73.65426672.
There are 2434 eligible primes.
The product of more than 9 primes exceeds the bound.
The largest squarefree eligible number is 1424362170.
Computing the theta series for the ternary form up to precision 603852.
There are 3 numbers which aren't represented by the ternary form.
They are [ 30, 3, 1 ].
The following numbers fail to be represented by the form: [ 30, 3 ].
Checking eligible numbers complete. Time needed is 1.680 sec.
There are 0 numbers which aren't represented by the ternary form.
They are [].
The following numbers fail to be represented by the form: [ 30, 3 ]
Time needed is 73.270 sec.
