Summary for Form #41.
Form has matrix [ 1 -1  0  0]
[-1  2  0  0]
[ 0  0  6  0]
[ 0  0  0 12].
This form has level 48.
It has character 8.
The list of anisotropic primes is
   [].
Are all integers locally represented? true.
Pre-computing theta series and Eisenstein series.
Cusp dimension is 4. Precision is 5000.

Starting cusp constant computation.
Computing newforms of level 8.
Computing newforms of level 16.
Computing newforms of level 24.
Newform class 1 has size 2.
Computing newforms of level 48.
Finding minimal coefficients for d = 1.
Computing newform coefficients at p = 5.
The big matrix now has 6 rows.
Rank checking with p = 25174741
Matrix now has 2 rows.
Rank checking with p = 21863753
Matrix now has 2 rows.
Rank checking with p = 17664827
Matrix now has 2 rows.
Matrix has 2 columns.
We're done with d = 1!
Finding minimal coefficients for d = 2.
The big matrix now has 5 rows.
Rank checking with p = 7674287
Matrix now has 2 rows.
Rank checking with p = 30643463
Matrix now has 2 rows.
Rank checking with p = 19556041
Matrix now has 2 rows.
Matrix has 2 columns.
We're done with d = 2!
Computing coefficients at primes dividing the level.
Working on decomposition of d = 1 piece.
Building trace matrix for newform 1.
Done!
Building big trace matrix.
Solving the eigen matrix linear system!
Solving the trace matrix linear system!
Done! Time taken was 0.000
It worked!
Working on decomposition of d = 2 piece.
Building trace matrix for newform 1.
Done!
Building big trace matrix.
Solving the eigen matrix linear system!
Solving the trace matrix linear system!
Done! Time taken was 0.000
It worked!
The full decomposition is complete!
The overall cuspidal constant is 6.107530892.
Memory used was 759.00 Mb.
The Eisenstein lower bound is 1/5 =
   0.2000000.
The F4 upper bound is 30.84303101.
The numerical Eisenstein lower bound is 166/829 = 0.2002413.
The numerical cusp form bound is 2.400000.
The form represents all numbers less than
or equal to 5000 except the following: [ 3, 39 ]
Split local cover of the form [d] + L with d = 1.
L = [ 2  0  0]
[ 0 12  0]
[ 0  0 24].
Preprocessing complete. Time needed is 89.980 sec.
The bound for eligible primes is 67.57369529.
There are 2093 eligible primes.
The product of more than 9 primes exceeds the bound.
The largest squarefree eligible number is 1498887390.
Computing the theta series for the ternary form up to precision 1161465.
There are 3 numbers which aren't represented by the ternary form.
They are [ 39, 3, 1 ].
The following numbers fail to be represented by the form: [ 39, 3 ].
Checking eligible numbers complete. Time needed is 2.220 sec.
There are 0 numbers which aren't represented by the ternary form.
They are [].
The following numbers fail to be represented by the form: [ 39, 3 ]
Time needed is 158.470 sec.
