Summary for Form #44.
Form has matrix [ 1  0 -1 -2]
[ 0  2 -3 -1]
[-1 -3  7  3]
[-2 -1  3 20].
This form has level 184.
It has character 184.
The list of anisotropic primes is
   [].
Are all integers locally represented? true.
Pre-computing theta series and Eisenstein series.
Cusp dimension is 22. Precision is 5000.

Starting cusp constant computation.
Computing newforms of level 184.
Newform class 1 has size 4.
Newform class 2 has size 6.
Newform class 3 has size 12.
Finding minimal coefficients for d = 1.
Computing newform coefficients at p = 3.
The big matrix now has 8 rows.
Rank checking with p = 23623949
Matrix now has 7 rows.
Rank checking with p = 6369967
Matrix now has 7 rows.
Rank checking with p = 5602007
Matrix now has 7 rows.
Matrix has 22 columns.
Computing newform coefficients at p = 5.
The big matrix now has 31 rows.
Rank checking with p = 10463377
Matrix now has 11 rows.
Rank checking with p = 27066661
Matrix now has 11 rows.
Rank checking with p = 10092799
Matrix now has 11 rows.
Matrix has 22 columns.
Computing newform coefficients at p = 7.
The big matrix now has 55 rows.
Rank checking with p = 1887307
Matrix now has 11 rows.
Rank checking with p = 29949119
Matrix now has 11 rows.
Rank checking with p = 33301141
Matrix now has 11 rows.
Matrix has 22 columns.
Computing newform coefficients at p = 11.
The big matrix now has 68 rows.
Rank checking with p = 25296331
Matrix now has 19 rows.
Rank checking with p = 1073837
Matrix now has 19 rows.
Rank checking with p = 17623813
Matrix now has 19 rows.
Matrix has 22 columns.
Computing newform coefficients at p = 13.
The big matrix now has 89 rows.
Rank checking with p = 6540913
Matrix now has 22 rows.
Rank checking with p = 13599673
Matrix now has 22 rows.
Rank checking with p = 20368043
Matrix now has 22 rows.
Matrix has 22 columns.
We're done with d = 1!
Computing coefficients at primes dividing the level.
Working on decomposition of d = 1 piece.
Building trace matrix for newform 1.
Done!
Building trace matrix for newform 2.
Done!
Building trace matrix for newform 3.
Done!
Building big trace matrix.
Solving the eigen matrix linear system!
Solving the trace matrix linear system!
Done! Time taken was 0.000
It worked!
The full decomposition is complete!
The overall cuspidal constant is 7.832680764.
Memory used was 933.47 Mb.
The Eisenstein lower bound is 33/37 =
   0.8918919.
The F4 upper bound is 8.869917580.
The numerical Eisenstein lower bound is 165000/184963 = 0.8920703.
The numerical cusp form bound is 3.366147.
The form represents all numbers less than
or equal to 5000 except the following: [ 5, 13 ]
Split local cover of the form [d] + L with d = 1.
L = [ 4 -2 -2]
[-2  4  2]
[-2  2 32].
Preprocessing complete. Time needed is 47.770 sec.
The bound for eligible primes is 14.48451475.
There are 146 eligible primes.
The product of more than 8 primes exceeds the bound.
The largest squarefree eligible number is 11741730.
Computing the theta series for the ternary form up to precision 54826.
There are 3 numbers which aren't represented by the ternary form.
They are [ 13, 5, 1 ].
The following numbers fail to be represented by the form: [ 13, 5 ].
Checking eligible numbers complete. Time needed is 0.070 sec.
There are 0 numbers which aren't represented by the ternary form.
They are [].
The following numbers fail to be represented by the form: [ 13, 5 ]
Time needed is 0.830 sec.
