Summary for Form #46.
Form has matrix [ 1  0  0 -3]
[ 0  2 -3 -1]
[ 0 -3  7  1]
[-3 -1  1 30].
This form has level 408.
It has character 408.
The list of anisotropic primes is
   [].
Are all integers locally represented? true.
Pre-computing theta series and Eisenstein series.
Cusp dimension is 68. Precision is 5000.

Starting cusp constant computation.
Computing newforms of level 408.
Newform class 1 has size 2.
Newform class 2 has size 2.
Newform class 3 has size 64.
Finding minimal coefficients for d = 1.
Computing newform coefficients at p = 5.
The big matrix now has 6 rows.
Rank checking with p = 23070323
Matrix now has 6 rows.
Rank checking with p = 30098009
Matrix now has 6 rows.
Rank checking with p = 11438951
Matrix now has 6 rows.
Matrix has 68 columns.
Computing newform coefficients at p = 7.
The big matrix now has 21 rows.
Rank checking with p = 6705799
Matrix now has 17 rows.
Rank checking with p = 26273287
Matrix now has 17 rows.
Rank checking with p = 13969217
Matrix now has 17 rows.
Matrix has 68 columns.
Computing newform coefficients at p = 11.
The big matrix now has 40 rows.
Rank checking with p = 24212387
Matrix now has 33 rows.
Rank checking with p = 12953723
Matrix now has 33 rows.
Rank checking with p = 10778497
Matrix now has 33 rows.
Matrix has 68 columns.
Computing newform coefficients at p = 13.
The big matrix now has 65 rows.
Rank checking with p = 19269067
Matrix now has 52 rows.
Rank checking with p = 14126129
Matrix now has 52 rows.
Rank checking with p = 33101353
Matrix now has 52 rows.
Matrix has 68 columns.
Computing newform coefficients at p = 19.
The big matrix now has 89 rows.
Rank checking with p = 20509591
Matrix now has 58 rows.
Rank checking with p = 32789441
Matrix now has 58 rows.
Rank checking with p = 10166609
Matrix now has 58 rows.
Matrix has 68 columns.
Computing newform coefficients at p = 23.
The big matrix now has 97 rows.
Rank checking with p = 5296219
Matrix now has 62 rows.
Rank checking with p = 194377
Matrix now has 62 rows.
Rank checking with p = 23807689
Matrix now has 62 rows.
Matrix has 68 columns.
Computing newform coefficients at p = 29.
The big matrix now has 101 rows.
Rank checking with p = 2037709
Matrix now has 64 rows.
Rank checking with p = 10022251
Matrix now has 64 rows.
Rank checking with p = 17101583
Matrix now has 64 rows.
Matrix has 68 columns.
Computing newform coefficients at p = 31.
The big matrix now has 104 rows.
Rank checking with p = 26906153
Matrix now has 66 rows.
Rank checking with p = 32051597
Matrix now has 66 rows.
Rank checking with p = 14432729
Matrix now has 66 rows.
Matrix has 68 columns.
Computing newform coefficients at p = 37.
The big matrix now has 102 rows.
Rank checking with p = 11889301
Matrix now has 66 rows.
Rank checking with p = 26501801
Matrix now has 66 rows.
Rank checking with p = 2236603
Matrix now has 66 rows.
Matrix has 68 columns.
Computing newform coefficients at p = 41.
The big matrix now has 101 rows.
Rank checking with p = 26518231
Matrix now has 66 rows.
Rank checking with p = 21049103
Matrix now has 66 rows.
Rank checking with p = 9825877
Matrix now has 66 rows.
Matrix has 68 columns.
Computing newform coefficients at p = 43.
The big matrix now has 101 rows.
Rank checking with p = 6201887
Matrix now has 66 rows.
Rank checking with p = 17411731
Matrix now has 66 rows.
Rank checking with p = 23159431
Matrix now has 66 rows.
Matrix has 68 columns.
Computing newform coefficients at p = 47.
The big matrix now has 102 rows.
Rank checking with p = 12222521
Matrix now has 66 rows.
Rank checking with p = 24576743
Matrix now has 66 rows.
Rank checking with p = 22340723
Matrix now has 66 rows.
Matrix has 68 columns.
Computing newform coefficients at p = 53.
The big matrix now has 103 rows.
Rank checking with p = 26711591
Matrix now has 66 rows.
Rank checking with p = 18398201
Matrix now has 66 rows.
Rank checking with p = 23159029
Matrix now has 66 rows.
Matrix has 68 columns.
Computing newform coefficients at p = 59.
The big matrix now has 103 rows.
Rank checking with p = 5847979
Matrix now has 68 rows.
Rank checking with p = 17796199
Matrix now has 68 rows.
Rank checking with p = 15171659
Matrix now has 68 rows.
Matrix has 68 columns.
We're done with d = 1!
Computing coefficients at primes dividing the level.
Working on decomposition of d = 1 piece.
Building trace matrix for newform 1.
Done!
Building trace matrix for newform 2.
Done!
Building trace matrix for newform 3.
Done!
Building big trace matrix.
Solving the eigen matrix linear system!
Solving the trace matrix linear system!
Done! Time taken was 0.040
It worked!
The full decomposition is complete!
The overall cuspidal constant is 7.346752800.
Memory used was 648.12 Mb.
The Eisenstein lower bound is 48/103 =
   0.4660194.
The F4 upper bound is 15.92255612.
The numerical Eisenstein lower bound is 238752/512219 = 0.4661131.
The numerical cusp form bound is 1.894314.
The form represents all numbers less than
or equal to 5000 except the following: [ 5, 20 ]
Split local cover of the form [d] + L with d = 1.
L = [ 4 -2 -2]
[-2  6  0]
[-2  0 42].
Preprocessing complete. Time needed is 36.510 sec.
The bound for eligible primes is 34.88457264.
There are 651 eligible primes.
The product of more than 9 primes exceeds the bound.
The largest squarefree eligible number is 223092870.
Computing the theta series for the ternary form up to precision 238981.
There are 2 numbers which aren't represented by the ternary form.
They are [ 5, 1 ].
The following numbers fail to be represented by the form: [ 5 ].
Checking eligible numbers complete. Time needed is 0.330 sec.
There are 1 numbers which aren't represented by the ternary form.
They are [ 20 ].
The following numbers fail to be represented by the form: [ 20 ].
Checking eligible numbers complete. Time needed is 0.000 sec.
There are 0 numbers which aren't represented by the ternary form.
They are [].
The following numbers fail to be represented by the form: [ 5, 20 ]
Time needed is 5.520 sec.
