Summary for Form #48.
Form has matrix [ 1  0 -1 -2]
[ 0  2 -3  0]
[-1 -3  7  2]
[-2  0  2 13].
This form has level 36.
It has character 12.
The list of anisotropic primes is
   [].
Are all integers locally represented? true.
Pre-computing theta series and Eisenstein series.
Cusp dimension is 2. Precision is 5000.

Starting cusp constant computation.
Computing newforms of level 12.
Computing newforms of level 36.
Newform class 1 has size 2.
Finding minimal coefficients for d = 1.
Computing newform coefficients at p = 5.
The big matrix now has 6 rows.
Rank checking with p = 909613
Matrix now has 2 rows.
Rank checking with p = 2119717
Matrix now has 2 rows.
Rank checking with p = 3190591
Matrix now has 2 rows.
Matrix has 2 columns.
We're done with d = 1!
Computing coefficients at primes dividing the level.
Working on decomposition of d = 1 piece.
Building trace matrix for newform 1.
Done!
Building big trace matrix.
Solving the eigen matrix linear system!
Solving the trace matrix linear system!
Done! Time taken was 0.000
It worked!
The full decomposition is complete!
The overall cuspidal constant is 2.309401077.
Memory used was 1198.9 Mb.
The Eisenstein lower bound is 2/3 =
   0.6666667.
The F4 upper bound is 3.498742631.
The numerical Eisenstein lower bound is 2/3 = 0.6666667.
The numerical cusp form bound is 1.884679.
The form represents all numbers less than
or equal to 5000 except the following: [ 5, 29 ]
Split local cover of the form [d] + L with d = 1.
L = [ 4 -2  0]
[-2  4  0]
[ 0  0 18].
Preprocessing complete. Time needed is 24.140 sec.
The bound for eligible primes is 7.725957731.
There are 51 eligible primes.
The product of more than 7 primes exceeds the bound.
The largest squarefree eligible number is 1138830.
Computing the theta series for the ternary form up to precision 17075.
There are 3 numbers which aren't represented by the ternary form.
They are [ 29, 5, 1 ].
The following numbers fail to be represented by the form: [ 29, 5 ].
Checking eligible numbers complete. Time needed is 0.010 sec.
There are 1 numbers which aren't represented by the ternary form.
They are [ 845 ].
The following numbers fail to be represented by the form: [].
Checking eligible numbers complete. Time needed is 0.200 sec.
The following numbers fail to be represented by the form: [ 29, 5 ]
Time needed is 0.490 sec.
