Summary for Form #49.
Form has matrix [ 1  0  0  0]
[ 0  2 -3  0]
[ 0 -3  7 -5]
[ 0  0 -5 20].
This form has level 40.
It has character 8.
The list of anisotropic primes is
   [].
Are all integers locally represented? true.
Pre-computing theta series and Eisenstein series.
Cusp dimension is 4. Precision is 5000.

Starting cusp constant computation.
Computing newforms of level 8.
Computing newforms of level 40.
Newform class 1 has size 4.
Finding minimal coefficients for d = 1.
Computing newform coefficients at p = 3.
The big matrix now has 8 rows.
Rank checking with p = 9710711
Matrix now has 4 rows.
Rank checking with p = 432613
Matrix now has 4 rows.
Rank checking with p = 27787679
Matrix now has 4 rows.
Matrix has 4 columns.
We're done with d = 1!
Computing coefficients at primes dividing the level.
Working on decomposition of d = 1 piece.
Building trace matrix for newform 1.
Done!
Building big trace matrix.
Solving the eigen matrix linear system!
Solving the trace matrix linear system!
Done! Time taken was 0.000
It worked!
The full decomposition is complete!
The overall cuspidal constant is 1.776462367.
Memory used was 897.88 Mb.
The Eisenstein lower bound is 12/65 =
   0.1846154.
The F4 upper bound is 9.718729531.
The numerical Eisenstein lower bound is 11976/64805 = 0.1848006.
The numerical cusp form bound is 1.363061.
The form represents all numbers less than
or equal to 5000 except the following: [ 5, 30 ]
Split local cover of the form [d] + L with d = 1.
L = [ 4 -2  0]
[-2  6  0]
[ 0  0 20].
Preprocessing complete. Time needed is 31.140 sec.
The bound for eligible primes is 31.74123773.
There are 557 eligible primes.
The product of more than 9 primes exceeds the bound.
The largest squarefree eligible number is 223092870.
Computing the theta series for the ternary form up to precision 238981.
There are 3 numbers which aren't represented by the ternary form.
They are [ 30, 5, 1 ].
The following numbers fail to be represented by the form: [ 30, 5 ].
Checking eligible numbers complete. Time needed is 0.350 sec.
There are 0 numbers which aren't represented by the ternary form.
They are [].
The following numbers fail to be represented by the form: [ 30, 5 ]
Time needed is 14.480 sec.
