Summary for Form #50.
Form has matrix [ 1  0  0 -1]
[ 0  2  0 -1]
[ 0  0  7 -4]
[-1 -1 -4 14].
This form has level 572.
It has character 572.
The list of anisotropic primes is
   [].
Are all integers locally represented? true.
Pre-computing theta series and Eisenstein series.
Cusp dimension is 80. Precision is 5000.

Starting cusp constant computation.
Computing newforms of level 572.
Newform class 1 has size 4.
Newform class 2 has size 20.
Newform class 3 has size 56.
Finding minimal coefficients for d = 1.
Computing newform coefficients at p = 3.
The big matrix now has 8 rows.
Rank checking with p = 29653037
Matrix now has 8 rows.
Rank checking with p = 30047093
Matrix now has 8 rows.
Rank checking with p = 13662193
Matrix now has 8 rows.
Matrix has 80 columns.
Computing newform coefficients at p = 5.
The big matrix now has 32 rows.
Rank checking with p = 32100917
Matrix now has 23 rows.
Rank checking with p = 6584713
Matrix now has 23 rows.
Rank checking with p = 9148037
Matrix now has 23 rows.
Matrix has 80 columns.
Computing newform coefficients at p = 7.
The big matrix now has 67 rows.
Rank checking with p = 1898801
Matrix now has 54 rows.
Rank checking with p = 16124477
Matrix now has 54 rows.
Rank checking with p = 12523513
Matrix now has 54 rows.
Matrix has 80 columns.
Computing newform coefficients at p = 17.
The big matrix now has 98 rows.
Rank checking with p = 22076359
Matrix now has 76 rows.
Rank checking with p = 12556487
Matrix now has 76 rows.
Rank checking with p = 23011649
Matrix now has 76 rows.
Matrix has 80 columns.
Computing newform coefficients at p = 19.
The big matrix now has 126 rows.
Rank checking with p = 5651011
Matrix now has 80 rows.
Rank checking with p = 20881699
Matrix now has 80 rows.
Rank checking with p = 18582451
Matrix now has 80 rows.
Matrix has 80 columns.
We're done with d = 1!
Computing coefficients at primes dividing the level.
Working on decomposition of d = 1 piece.
Building trace matrix for newform 1.
Done!
Building trace matrix for newform 2.
Done!
Building trace matrix for newform 3.
Done!
Building big trace matrix.
Solving the eigen matrix linear system!
Solving the trace matrix linear system!
Done! Time taken was 0.030
It worked!
The full decomposition is complete!
The overall cuspidal constant is 7.159710579.
Memory used was 557.31 Mb.
The Eisenstein lower bound is 30/73 =
   0.4109589.
The F4 upper bound is 17.59618203.
The numerical Eisenstein lower bound is 150000/364927 = 0.4110411.
The numerical cusp form bound is 1.613081.
The form represents all numbers less than
or equal to 5000 except the following: [ 5, 35 ]
Split local cover of the form [d] + L with d = 1.
L = [ 4  0 -2]
[ 0 14  6]
[-2  6 24].
Preprocessing complete. Time needed is 22.270 sec.
The bound for eligible primes is 77.71212286.
There are 2689 eligible primes.
The product of more than 10 primes exceeds the bound.
The largest squarefree eligible number is 9592993410.
Computing the theta series for the ternary form up to precision 1567102.
There are 3 numbers which aren't represented by the ternary form.
They are [ 35, 5, 1 ].
The following numbers fail to be represented by the form: [ 35, 5 ].
Checking eligible numbers complete. Time needed is 1.930 sec.
There are 0 numbers which aren't represented by the ternary form.
They are [].
The following numbers fail to be represented by the form: [ 35, 5 ]
Time needed is 274.360 sec.
