Summary for Form #42.
Form has matrix [ 1  0  0 -2]
[ 0  2 -2 -1]
[ 0 -2 10 -2]
[-2 -1 -2 13].
This form has level 472.
It has character 472.
The list of anisotropic primes is
   [].
Are all integers locally represented? true.
Pre-computing theta series and Eisenstein series.
Cusp dimension is 58. Precision is 5000.

Starting cusp constant computation.
Computing newforms of level 472.
Newform class 1 has size 2.
Newform class 2 has size 56.
Finding minimal coefficients for d = 1.
Computing newform coefficients at p = 3.
The big matrix now has 8 rows.
Rank checking with p = 27975289
Matrix now has 8 rows.
Rank checking with p = 20423813
Matrix now has 8 rows.
Rank checking with p = 23949067
Matrix now has 8 rows.
Matrix has 58 columns.
Computing newform coefficients at p = 5.
The big matrix now has 32 rows.
Rank checking with p = 31223711
Matrix now has 27 rows.
Rank checking with p = 32724401
Matrix now has 27 rows.
Rank checking with p = 30371647
Matrix now has 27 rows.
Matrix has 58 columns.
Computing newform coefficients at p = 7.
The big matrix now has 71 rows.
Rank checking with p = 14276593
Matrix now has 29 rows.
Rank checking with p = 1163611
Matrix now has 29 rows.
Rank checking with p = 22346719
Matrix now has 29 rows.
Matrix has 58 columns.
Computing newform coefficients at p = 11.
The big matrix now has 86 rows.
Rank checking with p = 22763329
Matrix now has 57 rows.
Rank checking with p = 12086903
Matrix now has 57 rows.
Rank checking with p = 1839127
Matrix now has 57 rows.
Matrix has 58 columns.
Computing newform coefficients at p = 13.
The big matrix now has 127 rows.
Rank checking with p = 21732889
Matrix now has 58 rows.
Rank checking with p = 17942843
Matrix now has 58 rows.
Rank checking with p = 24679637
Matrix now has 58 rows.
Matrix has 58 columns.
We're done with d = 1!
Computing coefficients at primes dividing the level.
Working on decomposition of d = 1 piece.
Building trace matrix for newform 1.
Done!
Building trace matrix for newform 2.
Done!
Building big trace matrix.
Solving the eigen matrix linear system!
Solving the trace matrix linear system!
Done! Time taken was 0.100
It worked!
The full decomposition is complete!
The overall cuspidal constant is 7.524168298.
Memory used was 606.91 Mb.
The Eisenstein lower bound is 174/277 =
   0.6281589.
The F4 upper bound is 12.09791129.
The numerical Eisenstein lower bound is 865476/1377521 = 0.6282852.
The numerical cusp form bound is 1.750291.
The form represents all numbers less than
or equal to 5000 except the following: [ 5, 7 ]
Split local cover of the form [d] + L with d = 1.
L = [ 4  0 -2]
[ 0 16 -6]
[-2 -6 18].
Preprocessing complete. Time needed is 32.530 sec.
The bound for eligible primes is 26.71472615.
There are 414 eligible primes.
The product of more than 8 primes exceeds the bound.
The largest squarefree eligible number is 67458930.
Computing the theta series for the ternary form up to precision 131414.
There are 3 numbers which aren't represented by the ternary form.
They are [ 7, 5, 1 ].
The following numbers fail to be represented by the form: [ 7, 5 ].
Checking eligible numbers complete. Time needed is 0.220 sec.
There are 0 numbers which aren't represented by the ternary form.
They are [].
The following numbers fail to be represented by the form: [ 7, 5 ]
Time needed is 9.950 sec.
