Summary for Form #1.
Form has matrix [ 1 -1  0 -2]
[-1  2  0  0]
[ 0  0  3 -1]
[-2  0 -1 24].
This form has level 188.
It has character 188.
The list of anisotropic primes is
   [].
Are all integers locally represented? true.
Pre-computing theta series and Eisenstein series.
Cusp dimension is 22. Precision is 5000.

Starting cusp constant computation.
Computing newforms of level 188.
Newform class 1 has size 10.
Newform class 2 has size 12.
Finding minimal coefficients for d = 1.
Computing newform coefficients at p = 3.
The big matrix now has 8 rows.
Rank checking with p = 21500177
Matrix now has 8 rows.
Rank checking with p = 25316869
Matrix now has 8 rows.
Rank checking with p = 12690511
Matrix now has 8 rows.
Matrix has 22 columns.
Computing newform coefficients at p = 5.
The big matrix now has 32 rows.
Rank checking with p = 28798717
Matrix now has 19 rows.
Rank checking with p = 9966499
Matrix now has 19 rows.
Rank checking with p = 14553211
Matrix now has 19 rows.
Matrix has 22 columns.
Computing newform coefficients at p = 7.
The big matrix now has 63 rows.
Rank checking with p = 4656893
Matrix now has 22 rows.
Rank checking with p = 23252869
Matrix now has 22 rows.
Rank checking with p = 32982083
Matrix now has 22 rows.
Matrix has 22 columns.
We're done with d = 1!
Computing coefficients at primes dividing the level.
Working on decomposition of d = 1 piece.
Building trace matrix for newform 1.
Done!
Building trace matrix for newform 2.
Done!
Building big trace matrix.
Solving the eigen matrix linear system!
Solving the trace matrix linear system!
Done! Time taken was 0.000
It worked!
The full decomposition is complete!
The overall cuspidal constant is 6.584202739.
Memory used was 924.28 Mb.
The Eisenstein lower bound is 23/28 =
   0.8214286.
The F4 upper bound is 8.095706672.
The numerical Eisenstein lower bound is 28750/34993 = 0.8215929.
The numerical cusp form bound is 2.628901.
The form represents all numbers less than
or equal to 5000 except the following: [ 6, 15 ]
Split local cover of the form [d] + L with d = 1.
L = [ 2  0  0]
[ 0  6 -2]
[ 0 -2 32].
Preprocessing complete. Time needed is 19.190 sec.
The bound for eligible primes is 35.75403746.
There are 684 eligible primes.
The product of more than 9 primes exceeds the bound.
The largest squarefree eligible number is 397687290.
Computing the theta series for the ternary form up to precision 319074.
There are 3 numbers which aren't represented by the ternary form.
They are [ 15, 6, 1 ].
The following numbers fail to be represented by the form: [ 15, 6 ].
Checking eligible numbers complete. Time needed is 0.270 sec.
There are 0 numbers which aren't represented by the ternary form.
They are [].
The following numbers fail to be represented by the form: [ 15, 6 ]
Time needed is 15.510 sec.
