Summary for Form #53.
Form has matrix [ 1 -1  1 -2]
[-1  2 -2  1]
[ 1 -2  3 -2]
[-2  1 -2 23].
This form has level 68.
It has character 17.
The list of anisotropic primes is
   [ 2 ].
Are all integers locally represented? true.
Pre-computing theta series and Eisenstein series.
Cusp dimension is 6. Precision is 5000.

Starting cusp constant computation.
Computing newforms of level 17.
Computing newforms of level 34.
Newform class 1 has size 2.
Computing newforms of level 68.
Newform class 1 has size 2.
Finding minimal coefficients for d = 1.
Computing newform coefficients at p = 3.
The big matrix now has 8 rows.
Rank checking with p = 5527411
Matrix now has 4 rows.
Rank checking with p = 31902487
Matrix now has 4 rows.
Rank checking with p = 2037979
Matrix now has 4 rows.
Matrix has 4 columns.
We're done with d = 1!
Finding minimal coefficients for d = 2.
The big matrix now has 8 rows.
Rank checking with p = 2472143
Matrix now has 2 rows.
Rank checking with p = 2224259
Matrix now has 2 rows.
Rank checking with p = 15350827
Matrix now has 2 rows.
Matrix has 2 columns.
We're done with d = 2!
Computing coefficients at primes dividing the level.
Working on decomposition of d = 1 piece.
Building trace matrix for newform 1.
Done!
Building trace matrix for newform 2.
Done!
Building big trace matrix.
Solving the eigen matrix linear system!
Solving the trace matrix linear system!
Done! Time taken was 0.000
It worked!
Working on decomposition of d = 2 piece.
Building trace matrix for newform 1.
Done!
Building big trace matrix.
Solving the eigen matrix linear system!
Solving the trace matrix linear system!
Done! Time taken was 0.000
It worked!
The full decomposition is complete!
The overall cuspidal constant is 8.815493341.
Memory used was 1494.0 Mb.
The Eisenstein lower bound is 8/3 =
   2.666667.
The F4 upper bound is 3.338868103.
The numerical Eisenstein lower bound is 39952/14979 = 2.667201.
The numerical cusp form bound is 4.634985.
The form represents all numbers less than
or equal to 5000 except the following: [ 7, 15 ]
Split local cover of the form [d] + L with d = 1.
L = [ 2  0  0]
[ 0  2  0]
[ 0  0 34].
Preprocessing complete. Time needed is 45.680 sec.
The bound for eligible primes is 14.74584246.
There are 150 eligible primes.
The product of more than 8 primes exceeds the bound.
The largest squarefree eligible number is 21411390.
Computing the theta series for the ternary form up to precision 74036.
There are 3 numbers which aren't represented by the ternary form.
They are [ 15, 7, 1 ].
The following numbers fail to be represented by the form: [ 15, 7 ].
Checking eligible numbers complete. Time needed is 0.040 sec.
There are 0 numbers which aren't represented by the ternary form.
They are [].
The following numbers fail to be represented by the form: [ 15, 7 ]
Time needed is 1.630 sec.
