Summary for Form #54.
Form has matrix [ 1  0  0  0]
[ 0  2 -1 -2]
[ 0 -1  5  0]
[ 0 -2  0 15].
This form has level 460.
It has character 460.
The list of anisotropic primes is
   [].
Are all integers locally represented? true.
Pre-computing theta series and Eisenstein series.
Cusp dimension is 68. Precision is 5000.

Starting cusp constant computation.
Computing newforms of level 460.
Newform class 1 has size 4.
Newform class 2 has size 8.
Newform class 3 has size 56.
Finding minimal coefficients for d = 1.
Computing newform coefficients at p = 3.
The big matrix now has 8 rows.
Rank checking with p = 6721993
Matrix now has 8 rows.
Rank checking with p = 9691523
Matrix now has 8 rows.
Rank checking with p = 25902181
Matrix now has 8 rows.
Matrix has 68 columns.
Computing newform coefficients at p = 7.
The big matrix now has 27 rows.
Rank checking with p = 28073567
Matrix now has 23 rows.
Rank checking with p = 27901999
Matrix now has 23 rows.
Rank checking with p = 29739271
Matrix now has 23 rows.
Matrix has 68 columns.
Computing newform coefficients at p = 11.
The big matrix now has 52 rows.
Rank checking with p = 423497
Matrix now has 44 rows.
Rank checking with p = 10025891
Matrix now has 44 rows.
Rank checking with p = 17827703
Matrix now has 44 rows.
Matrix has 68 columns.
Computing newform coefficients at p = 13.
The big matrix now has 84 rows.
Rank checking with p = 16533149
Matrix now has 65 rows.
Rank checking with p = 24818779
Matrix now has 65 rows.
Rank checking with p = 680623
Matrix now has 65 rows.
Matrix has 68 columns.
Computing newform coefficients at p = 17.
The big matrix now has 112 rows.
Rank checking with p = 16322161
Matrix now has 68 rows.
Rank checking with p = 10639217
Matrix now has 68 rows.
Rank checking with p = 11269259
Matrix now has 68 rows.
Matrix has 68 columns.
We're done with d = 1!
Computing coefficients at primes dividing the level.
Working on decomposition of d = 1 piece.
Building trace matrix for newform 1.
Done!
Building trace matrix for newform 2.
Done!
Building trace matrix for newform 3.
Done!
Building big trace matrix.
Solving the eigen matrix linear system!
Solving the trace matrix linear system!
Done! Time taken was 0.040
It worked!
The full decomposition is complete!
The overall cuspidal constant is 7.246063328.
Memory used was 614.06 Mb.
The Eisenstein lower bound is 44/139 =
   0.3165468.
The F4 upper bound is 23.11988251.
The numerical Eisenstein lower bound is 215776/681517 = 0.3166113.
The numerical cusp form bound is 1.743655.
The form represents all numbers less than
or equal to 5000 except the following: [ 7, 23 ]
Split local cover of the form [d] + L with d = 1.
L = [ 4 -2  0]
[-2 10 -2]
[ 0 -2 26].
Preprocessing complete. Time needed is 20.580 sec.
The bound for eligible primes is 38.05307011.
There are 760 eligible primes.
The product of more than 9 primes exceeds the bound.
The largest squarefree eligible number is 363993630.
Computing the theta series for the ternary form up to precision 305258.
There are 3 numbers which aren't represented by the ternary form.
They are [ 23, 7, 1 ].
The following numbers fail to be represented by the form: [ 23, 7 ].
Checking eligible numbers complete. Time needed is 0.620 sec.
There are 0 numbers which aren't represented by the ternary form.
They are [].
The following numbers fail to be represented by the form: [ 23, 7 ]
Time needed is 17.800 sec.
