Summary for Form #56.
Form has matrix [ 1  0  0 -2]
[ 0  2 -1  0]
[ 0 -1  5 -2]
[-2  0 -2 15].
This form has level 364.
It has character 364.
The list of anisotropic primes is
   [].
Are all integers locally represented? true.
Pre-computing theta series and Eisenstein series.
Cusp dimension is 52. Precision is 5000.

Starting cusp constant computation.
Computing newforms of level 364.
Newform class 1 has size 4.
Newform class 2 has size 48.
Finding minimal coefficients for d = 1.
Computing newform coefficients at p = 3.
The big matrix now has 8 rows.
Rank checking with p = 30224669
Matrix now has 8 rows.
Rank checking with p = 13175927
Matrix now has 8 rows.
Rank checking with p = 26663513
Matrix now has 8 rows.
Matrix has 52 columns.
Computing newform coefficients at p = 5.
The big matrix now has 32 rows.
Rank checking with p = 15532393
Matrix now has 24 rows.
Rank checking with p = 27144743
Matrix now has 24 rows.
Rank checking with p = 12367763
Matrix now has 24 rows.
Matrix has 52 columns.
Computing newform coefficients at p = 11.
The big matrix now has 57 rows.
Rank checking with p = 20257067
Matrix now has 26 rows.
Rank checking with p = 30910213
Matrix now has 26 rows.
Rank checking with p = 21013849
Matrix now has 26 rows.
Matrix has 52 columns.
Computing newform coefficients at p = 17.
The big matrix now has 66 rows.
Rank checking with p = 17999873
Matrix now has 47 rows.
Rank checking with p = 14929399
Matrix now has 47 rows.
Rank checking with p = 27298331
Matrix now has 47 rows.
Matrix has 52 columns.
Computing newform coefficients at p = 19.
The big matrix now has 91 rows.
Rank checking with p = 2198761
Matrix now has 52 rows.
Rank checking with p = 18943937
Matrix now has 52 rows.
Rank checking with p = 5529521
Matrix now has 52 rows.
Matrix has 52 columns.
We're done with d = 1!
Computing coefficients at primes dividing the level.
Working on decomposition of d = 1 piece.
Building trace matrix for newform 1.
Done!
Building trace matrix for newform 2.
Done!
Building big trace matrix.
Solving the eigen matrix linear system!
Solving the trace matrix linear system!
Done! Time taken was 0.050
It worked!
The full decomposition is complete!
The overall cuspidal constant is 6.233021153.
Memory used was 682.31 Mb.
The Eisenstein lower bound is 36/103 =
   0.3495146.
The F4 upper bound is 18.01169974.
The numerical Eisenstein lower bound is 180000/514897 = 0.3495845.
The numerical cusp form bound is 1.572022.
The form represents all numbers less than
or equal to 5000 except the following: [ 7, 31 ]
Split local cover of the form [d] + L with d = 1.
L = [ 4 -2  0]
[-2 10 -4]
[ 0 -4 22].
Preprocessing complete. Time needed is 23.320 sec.
The bound for eligible primes is 29.41298250.
There are 485 eligible primes.
The product of more than 8 primes exceeds the bound.
The largest squarefree eligible number is 35068110.
Computing the theta series for the ternary form up to precision 94750.
There are 3 numbers which aren't represented by the ternary form.
They are [ 31, 7, 1 ].
The following numbers fail to be represented by the form: [ 31, 7 ].
Checking eligible numbers complete. Time needed is 0.270 sec.
There are 0 numbers which aren't represented by the ternary form.
They are [].
The following numbers fail to be represented by the form: [ 31, 7 ]
Time needed is 4.240 sec.
