Summary for Form #57.
Form has matrix [ 1 -1  1 -2]
[-1  2 -2  2]
[ 1 -2  3 -2]
[-2  2 -2 15].
This form has level 44.
It has character 44.
The list of anisotropic primes is
   [].
Are all integers locally represented? true.
Pre-computing theta series and Eisenstein series.
Cusp dimension is 4. Precision is 5000.

Starting cusp constant computation.
Computing newforms of level 44.
Newform class 1 has size 4.
Finding minimal coefficients for d = 1.
Computing newform coefficients at p = 3.
The big matrix now has 8 rows.
Rank checking with p = 2721449
Matrix now has 2 rows.
Rank checking with p = 3917297
Matrix now has 2 rows.
Rank checking with p = 7353287
Matrix now has 2 rows.
Matrix has 4 columns.
Computing newform coefficients at p = 5.
The big matrix now has 26 rows.
Rank checking with p = 6170123
Matrix now has 2 rows.
Rank checking with p = 25276963
Matrix now has 2 rows.
Rank checking with p = 6359981
Matrix now has 2 rows.
Matrix has 4 columns.
Computing newform coefficients at p = 7.
The big matrix now has 46 rows.
Rank checking with p = 5827849
Matrix now has 4 rows.
Rank checking with p = 7525907
Matrix now has 4 rows.
Rank checking with p = 22457881
Matrix now has 4 rows.
Matrix has 4 columns.
We're done with d = 1!
Computing coefficients at primes dividing the level.
Working on decomposition of d = 1 piece.
Building trace matrix for newform 1.
Done!
Building big trace matrix.
Solving the eigen matrix linear system!
Solving the trace matrix linear system!
Done! Time taken was 0.000
It worked!
The full decomposition is complete!
The overall cuspidal constant is 6.565214453.
Memory used was 1842.2 Mb.
The Eisenstein lower bound is 10/7 =
   1.428571.
The F4 upper bound is 4.641606618.
The numerical Eisenstein lower bound is 50000/34993 = 1.428857.
The numerical cusp form bound is 4.648472.
The form represents all numbers less than
or equal to 5000 except the following: [ 7, 39 ]
Split local cover of the form [d] + L with d = 1.
L = [ 2  0  0]
[ 0  2  0]
[ 0  0 22].
Preprocessing complete. Time needed is 59.240 sec.
The bound for eligible primes is 15.15942373.
There are 157 eligible primes.
The product of more than 8 primes exceeds the bound.
The largest squarefree eligible number is 9699690.
Computing the theta series for the ternary form up to precision 49831.
There are 3 numbers which aren't represented by the ternary form.
They are [ 39, 7, 1 ].
The following numbers fail to be represented by the form: [ 39, 7 ].
Checking eligible numbers complete. Time needed is 0.040 sec.
There are 0 numbers which aren't represented by the ternary form.
They are [].
The following numbers fail to be represented by the form: [ 39, 7 ]
Time needed is 1.740 sec.
