Summary for Form #1.
Form has matrix [ 2 -1  0 -2]
[-1  3 -2 -1]
[ 0 -2  4  1]
[-2 -1  1  5].
This form has level 60.
It has character 60.
The list of anisotropic primes is
   [].
Are all integers locally represented? true.
Pre-computing theta series and Eisenstein series.
Cusp dimension is 8. Precision is 5000.

Starting cusp constant computation.
Computing newforms of level 60.
Newform class 1 has size 4.
Newform class 2 has size 4.
Finding minimal coefficients for d = 1.
Computing newform coefficients at p = 7.
The big matrix now has 5 rows.
Rank checking with p = 10307369
Matrix now has 3 rows.
Rank checking with p = 8804947
Matrix now has 3 rows.
Rank checking with p = 20286443
Matrix now has 3 rows.
Matrix has 8 columns.
Computing newform coefficients at p = 11.
The big matrix now has 13 rows.
Rank checking with p = 25645579
Matrix now has 3 rows.
Rank checking with p = 20562671
Matrix now has 3 rows.
Rank checking with p = 18132071
Matrix now has 3 rows.
Matrix has 8 columns.
Computing newform coefficients at p = 13.
The big matrix now has 20 rows.
Rank checking with p = 2687879
Matrix now has 3 rows.
Rank checking with p = 32499473
Matrix now has 3 rows.
Rank checking with p = 976601
Matrix now has 3 rows.
Matrix has 8 columns.
Computing newform coefficients at p = 17.
The big matrix now has 28 rows.
Rank checking with p = 22493371
Matrix now has 4 rows.
Rank checking with p = 5527733
Matrix now has 4 rows.
Rank checking with p = 19280353
Matrix now has 4 rows.
Matrix has 8 columns.
Computing newform coefficients at p = 19.
The big matrix now has 34 rows.
Rank checking with p = 12403973
Matrix now has 6 rows.
Rank checking with p = 15764981
Matrix now has 6 rows.
Rank checking with p = 8868107
Matrix now has 6 rows.
Matrix has 8 columns.
Computing newform coefficients at p = 23.
The big matrix now has 35 rows.
Rank checking with p = 20410189
Matrix now has 8 rows.
Rank checking with p = 3658513
Matrix now has 8 rows.
Rank checking with p = 27140459
Matrix now has 8 rows.
Matrix has 8 columns.
We're done with d = 1!
Computing coefficients at primes dividing the level.
Working on decomposition of d = 1 piece.
Building trace matrix for newform 1.
Done!
Building trace matrix for newform 2.
Done!
Building big trace matrix.
Solving the eigen matrix linear system!
Solving the trace matrix linear system!
Done! Time taken was 0.000
It worked!
The full decomposition is complete!
The overall cuspidal constant is 1.632993162.
Memory used was 1586.3 Mb.
The Eisenstein lower bound is 2/3 =
   0.6666667.
The F4 upper bound is 2.473984640.
The numerical Eisenstein lower bound is 2/3 = 0.6666667.
The numerical cusp form bound is 1.489004.
The form represents all numbers less than
or equal to 5000 except the following: [ 1 ]
Split local cover of the form [d] + L with d = 2.
L = [ 6  0 -2]
[ 0  6  2]
[-2  2  8].
Preprocessing complete. Time needed is 32.450 sec.
The bound for eligible primes is 4.040000000.
There are 18 eligible primes.
The product of more than 6 primes exceeds the bound.
The largest squarefree eligible number is 30030.
Computing the theta series for the ternary form up to precision 5546.
There are 2 numbers which aren't represented by the ternary form.
They are [ 2, 1 ].
The following numbers fail to be represented by the form: [ 1 ].
Checking eligible numbers complete. Time needed is 0.000 sec.
There are 0 numbers which aren't represented by the ternary form.
They are [].
The following numbers fail to be represented by the form: [ 1 ]
Time needed is 0.290 sec.
