Summary for Form #7.
Form has matrix [ 1  0  0 -3]
[ 0  2 -2 -3]
[ 0 -2  5  1]
[-3 -3  1 26].
This form has level 268.
It has character 268.
The list of anisotropic primes is
   [].
Are all integers locally represented? true.
Pre-computing theta series and Eisenstein series.
Cusp dimension is 32. Precision is 5000.

Starting cusp constant computation.
Computing newforms of level 268.
Newform class 1 has size 32.
Finding minimal coefficients for d = 1.
Computing newform coefficients at p = 3.
The big matrix now has 8 rows.
Rank checking with p = 17374351
Matrix now has 8 rows.
Rank checking with p = 4938137
Matrix now has 8 rows.
Rank checking with p = 12857629
Matrix now has 8 rows.
Matrix has 32 columns.
Computing newform coefficients at p = 5.
The big matrix now has 32 rows.
Rank checking with p = 4364383
Matrix now has 27 rows.
Rank checking with p = 33131821
Matrix now has 27 rows.
Rank checking with p = 27903583
Matrix now has 27 rows.
Matrix has 32 columns.
Computing newform coefficients at p = 7.
The big matrix now has 71 rows.
Rank checking with p = 10019939
Matrix now has 32 rows.
Rank checking with p = 2513281
Matrix now has 32 rows.
Rank checking with p = 26604577
Matrix now has 32 rows.
Matrix has 32 columns.
We're done with d = 1!
Computing coefficients at primes dividing the level.
Working on decomposition of d = 1 piece.
Building trace matrix for newform 1.
Done!
Building big trace matrix.
Solving the eigen matrix linear system!
Solving the trace matrix linear system!
Done! Time taken was 0.010
It worked!
The full decomposition is complete!
The overall cuspidal constant is 5.998549510.
Memory used was 784.38 Mb.
The Eisenstein lower bound is 22/41 =
   0.5365854.
The F4 upper bound is 11.29090615.
The numerical Eisenstein lower bound is 109736/204467 = 0.5366930.
The numerical cusp form bound is 1.993482.
The form represents all numbers less than
or equal to 5000 except the following: [ 10 ]
Split local cover of the form [d] + L with d = 1.
L = [ 4  0 -2]
[ 0  6  2]
[-2  2 24].
Preprocessing complete. Time needed is 18.100 sec.
The bound for eligible primes is 24.73713596.
There are 363 eligible primes.
The product of more than 8 primes exceeds the bound.
The largest squarefree eligible number is 36983310.
Computing the theta series for the ternary form up to precision 97303.
There are 2 numbers which aren't represented by the ternary form.
They are [ 10, 1 ].
The following numbers fail to be represented by the form: [ 10 ].
Checking eligible numbers complete. Time needed is 0.140 sec.
There are 0 numbers which aren't represented by the ternary form.
They are [].
The following numbers fail to be represented by the form: [ 10 ]
Time needed is 4.320 sec.
