Summary for Form #8.
Form has matrix [ 1 -1  0 -3]
[-1  2 -1  1]
[ 0 -1  3  0]
[-3  1  0 30].
This form has level 120.
It has character 120.
The list of anisotropic primes is
   [].
Are all integers locally represented? true.
Pre-computing theta series and Eisenstein series.
Cusp dimension is 20. Precision is 5000.

Starting cusp constant computation.
Computing newforms of level 120.
Newform class 1 has size 4.
Newform class 2 has size 16.
Finding minimal coefficients for d = 1.
Computing newform coefficients at p = 7.
The big matrix now has 5 rows.
Rank checking with p = 27333919
Matrix now has 5 rows.
Rank checking with p = 27140273
Matrix now has 5 rows.
Rank checking with p = 16845041
Matrix now has 5 rows.
Matrix has 20 columns.
Computing newform coefficients at p = 11.
The big matrix now has 15 rows.
Rank checking with p = 5084393
Matrix now has 9 rows.
Rank checking with p = 26971589
Matrix now has 9 rows.
Rank checking with p = 21585791
Matrix now has 9 rows.
Matrix has 20 columns.
Computing newform coefficients at p = 13.
The big matrix now has 26 rows.
Rank checking with p = 20139157
Matrix now has 9 rows.
Rank checking with p = 20634851
Matrix now has 9 rows.
Rank checking with p = 33410483
Matrix now has 9 rows.
Matrix has 20 columns.
Computing newform coefficients at p = 17.
The big matrix now has 34 rows.
Rank checking with p = 12261817
Matrix now has 17 rows.
Rank checking with p = 644341
Matrix now has 17 rows.
Rank checking with p = 13768091
Matrix now has 17 rows.
Matrix has 20 columns.
Computing newform coefficients at p = 19.
The big matrix now has 47 rows.
Rank checking with p = 2927021
Matrix now has 18 rows.
Rank checking with p = 27318293
Matrix now has 18 rows.
Rank checking with p = 13324127
Matrix now has 18 rows.
Matrix has 20 columns.
Computing newform coefficients at p = 23.
The big matrix now has 47 rows.
Rank checking with p = 17950949
Matrix now has 20 rows.
Rank checking with p = 27989491
Matrix now has 20 rows.
Rank checking with p = 9512729
Matrix now has 20 rows.
Matrix has 20 columns.
We're done with d = 1!
Computing coefficients at primes dividing the level.
Working on decomposition of d = 1 piece.
Building trace matrix for newform 1.
Done!
Building trace matrix for newform 2.
Done!
Building big trace matrix.
Solving the eigen matrix linear system!
Solving the trace matrix linear system!
Done! Time taken was 0.000
It worked!
The full decomposition is complete!
The overall cuspidal constant is 8.177183812.
Memory used was 1140.7 Mb.
The Eisenstein lower bound is 12/17 =
   0.7058824.
The F4 upper bound is 11.70018717.
The numerical Eisenstein lower bound is 59040/83623 = 0.7060258.
The numerical cusp form bound is 2.809880.
The form represents all numbers less than
or equal to 5000 except the following: [ 14 ]
Split local cover of the form [d] + L with d = 1.
L = [ 2  0  0]
[ 0  4  0]
[ 0  0 30].
Preprocessing complete. Time needed is 32.290 sec.
The bound for eligible primes is 19.10632564.
There are 232 eligible primes.
The product of more than 8 primes exceeds the bound.
The largest squarefree eligible number is 13123110.
Computing the theta series for the ternary form up to precision 57962.
There are 2 numbers which aren't represented by the ternary form.
They are [ 14, 1 ].
The following numbers fail to be represented by the form: [ 14 ].
Checking eligible numbers complete. Time needed is 0.090 sec.
There are 0 numbers which aren't represented by the ternary form.
They are [].
The following numbers fail to be represented by the form: [ 14 ]
Time needed is 1.530 sec.
