Summary for Form #9.
Form has matrix [ 1  0  0 -1]
[ 0  2  0  1]
[ 0  0  5 -3]
[-1  1 -3 10].
This form has level 268.
It has character 268.
The list of anisotropic primes is
   [].
Are all integers locally represented? true.
Pre-computing theta series and Eisenstein series.
Cusp dimension is 32. Precision is 5000.

Starting cusp constant computation.
Computing newforms of level 268.
Newform class 1 has size 32.
Finding minimal coefficients for d = 1.
Computing newform coefficients at p = 3.
The big matrix now has 8 rows.
Rank checking with p = 14966687
Matrix now has 8 rows.
Rank checking with p = 24405263
Matrix now has 8 rows.
Rank checking with p = 7620839
Matrix now has 8 rows.
Matrix has 32 columns.
Computing newform coefficients at p = 5.
The big matrix now has 32 rows.
Rank checking with p = 25328801
Matrix now has 27 rows.
Rank checking with p = 24411767
Matrix now has 27 rows.
Rank checking with p = 12271157
Matrix now has 27 rows.
Matrix has 32 columns.
Computing newform coefficients at p = 7.
The big matrix now has 71 rows.
Rank checking with p = 18254251
Matrix now has 32 rows.
Rank checking with p = 33292241
Matrix now has 32 rows.
Rank checking with p = 9317687
Matrix now has 32 rows.
Matrix has 32 columns.
We're done with d = 1!
Computing coefficients at primes dividing the level.
Working on decomposition of d = 1 piece.
Building trace matrix for newform 1.
Done!
Building big trace matrix.
Solving the eigen matrix linear system!
Solving the trace matrix linear system!
Done! Time taken was 0.000
It worked!
The full decomposition is complete!
The overall cuspidal constant is 4.987068997.
Memory used was 784.59 Mb.
The Eisenstein lower bound is 22/41 =
   0.5365854.
The F4 upper bound is 9.387023962.
The numerical Eisenstein lower bound is 109736/204467 = 0.5366930.
The numerical cusp form bound is 1.655544.
The form represents all numbers less than
or equal to 5000 except the following: [ 15 ]
Split local cover of the form [d] + L with d = 1.
L = [ 4  0  2]
[ 0 10  4]
[ 2  4 16].
Preprocessing complete. Time needed is 18.290 sec.
The bound for eligible primes is 20.56593909.
There are 264 eligible primes.
The product of more than 8 primes exceeds the bound.
The largest squarefree eligible number is 23393370.
Computing the theta series for the ternary form up to precision 77387.
There are 2 numbers which aren't represented by the ternary form.
They are [ 15, 1 ].
The following numbers fail to be represented by the form: [ 15 ].
Checking eligible numbers complete. Time needed is 0.090 sec.
There are 0 numbers which aren't represented by the ternary form.
They are [].
The following numbers fail to be represented by the form: [ 15 ]
Time needed is 5.740 sec.
