Summary for Form #3.
Form has matrix [ 1 -1  1 -1]
[-1  2 -2  0]
[ 1 -2  6 -1]
[-1  0 -1  7].
This form has level 76.
It has character 76.
The list of anisotropic primes is
   [].
Are all integers locally represented? true.
Pre-computing theta series and Eisenstein series.
Cusp dimension is 8. Precision is 5000.

Starting cusp constant computation.
Computing newforms of level 76.
Newform class 1 has size 8.
Finding minimal coefficients for d = 1.
Computing newform coefficients at p = 3.
The big matrix now has 8 rows.
Rank checking with p = 25930979
Matrix now has 4 rows.
Rank checking with p = 24552631
Matrix now has 4 rows.
Rank checking with p = 14480561
Matrix now has 4 rows.
Matrix has 8 columns.
Computing newform coefficients at p = 5.
The big matrix now has 28 rows.
Rank checking with p = 3724543
Matrix now has 4 rows.
Rank checking with p = 7604239
Matrix now has 4 rows.
Rank checking with p = 2372753
Matrix now has 4 rows.
Matrix has 8 columns.
Computing newform coefficients at p = 7.
The big matrix now has 48 rows.
Rank checking with p = 23301151
Matrix now has 8 rows.
Rank checking with p = 33318401
Matrix now has 8 rows.
Rank checking with p = 30188369
Matrix now has 8 rows.
Matrix has 8 columns.
We're done with d = 1!
Computing coefficients at primes dividing the level.
Working on decomposition of d = 1 piece.
Building trace matrix for newform 1.
Done!
Building big trace matrix.
Solving the eigen matrix linear system!
Solving the trace matrix linear system!
Done! Time taken was 0.000
It worked!
The full decomposition is complete!
The overall cuspidal constant is 3.438627047.
Memory used was 1416.8 Mb.
The Eisenstein lower bound is 18/19 =
   0.9473684.
The F4 upper bound is 3.665958502.
The numerical Eisenstein lower bound is 89784/94753 = 0.9475584.
The numerical cusp form bound is 1.638862.
The form represents all numbers less than
or equal to 5000 except the following: [ 3 ]
Split local cover of the form [d] + L with d = 1.
L = [ 2  0  0]
[ 0  8 -2]
[ 0 -2 10].
Preprocessing complete. Time needed is 33.250 sec.
The bound for eligible primes is 6.033809895.
There are 34 eligible primes.
The product of more than 7 primes exceeds the bound.
The largest squarefree eligible number is 870870.
Computing the theta series for the ternary form up to precision 14932.
There are 2 numbers which aren't represented by the ternary form.
They are [ 3, 1 ].
The following numbers fail to be represented by the form: [ 3 ].
Checking eligible numbers complete. Time needed is 0.010 sec.
There are 0 numbers which aren't represented by the ternary form.
They are [].
The following numbers fail to be represented by the form: [ 3 ]
Time needed is 0.840 sec.
