Summary for Form #4.
Form has matrix [ 1  0 -1 -2]
[ 0  2 -3 -2]
[-1 -3  7  4]
[-2 -2  4 13].
This form has level 76.
It has character 76.
The list of anisotropic primes is
   [].
Are all integers locally represented? true.
Pre-computing theta series and Eisenstein series.
Cusp dimension is 8. Precision is 5000.

Starting cusp constant computation.
Computing newforms of level 76.
Newform class 1 has size 8.
Finding minimal coefficients for d = 1.
Computing newform coefficients at p = 3.
The big matrix now has 8 rows.
Rank checking with p = 5042903
Matrix now has 4 rows.
Rank checking with p = 20795549
Matrix now has 4 rows.
Rank checking with p = 28116091
Matrix now has 4 rows.
Matrix has 8 columns.
Computing newform coefficients at p = 5.
The big matrix now has 28 rows.
Rank checking with p = 6144007
Matrix now has 4 rows.
Rank checking with p = 25319519
Matrix now has 4 rows.
Rank checking with p = 33071641
Matrix now has 4 rows.
Matrix has 8 columns.
Computing newform coefficients at p = 7.
The big matrix now has 48 rows.
Rank checking with p = 15023483
Matrix now has 8 rows.
Rank checking with p = 6031847
Matrix now has 8 rows.
Rank checking with p = 33264587
Matrix now has 8 rows.
Matrix has 8 columns.
We're done with d = 1!
Computing coefficients at primes dividing the level.
Working on decomposition of d = 1 piece.
Building trace matrix for newform 1.
Done!
Building big trace matrix.
Solving the eigen matrix linear system!
Solving the trace matrix linear system!
Done! Time taken was 0.000
It worked!
The full decomposition is complete!
The overall cuspidal constant is 4.343084693.
Memory used was 1416.8 Mb.
The Eisenstein lower bound is 18/19 =
   0.9473684.
The F4 upper bound is 4.630210848.
The numerical Eisenstein lower bound is 89892/94867 = 0.9475582.
The numerical cusp form bound is 2.494652.
The form represents all numbers less than
or equal to 5000 except the following: [ 5 ]
Split local cover of the form [d] + L with d = 1.
L = [ 4 -2 -2]
[-2  4  0]
[-2  0 14].
Preprocessing complete. Time needed is 39.170 sec.
The bound for eligible primes is 7.620875145.
There are 50 eligible primes.
The product of more than 7 primes exceeds the bound.
The largest squarefree eligible number is 1291290.
Computing the theta series for the ternary form up to precision 18182.
There are 2 numbers which aren't represented by the ternary form.
They are [ 5, 1 ].
The following numbers fail to be represented by the form: [ 5 ].
Checking eligible numbers complete. Time needed is 0.020 sec.
There are 0 numbers which aren't represented by the ternary form.
They are [].
The following numbers fail to be represented by the form: [ 5 ]
Time needed is 0.460 sec.
